-765.427552 9.167887e-02
-763.427552 9.165742e-02
-761.427552 9.163594e-02
-759.427552 9.161372e-02
-757.427552 9.159218e-02
-755.427552 9.157060e-02
-753.427552 9.154828e-02
-751.427552 9.152663e-02
-749.427552 9.150495e-02
-747.427552 9.148254e-02
-745.427552 9.146080e-02
-743.427552 9.143902e-02
-741.427552 9.141652e-02
-739.427552 9.139468e-02
-737.427552 9.137280e-02
-735.427552 9.135021e-02
-733.427552 9.132828e-02
-731.427552 9.130631e-02
-729.427552 9.128363e-02
-727.427552 9.126160e-02
-725.427552 9.123955e-02
-723.427552 9.121679e-02
-721.427552 9.119467e-02
-719.427552 9.117252e-02
-717.427552 9.114968e-02
-715.427552 9.112748e-02
-713.427552 9.110525e-02
-711.427552 9.108233e-02
-709.427552 9.106004e-02
-707.427552 9.103772e-02
-705.427552 9.101473e-02
-703.427552 9.099237e-02
-701.427552 9.097000e-02
-699.427552 9.094695e-02
-697.427552 9.092453e-02
-695.427552 9.090210e-02
-693.427552 9.087899e-02
-691.427552 9.085652e-02
-689.427552 9.083403e-02
-687.427552 9.081086e-02
-685.427552 9.078834e-02
-683.427552 9.076579e-02
-681.427552 9.074258e-02
-679.427552 9.072000e-02
-677.427552 9.069741e-02
-675.427552 9.067414e-02
-673.427552 9.065151e-02
-671.427552 9.062887e-02
-669.427552 9.060555e-02
-667.427552 9.058288e-02
-665.427552 9.056019e-02
-663.427552 9.053684e-02
-661.427552 9.051412e-02
-659.427552 9.049139e-02
-657.427552 9.046799e-02
-655.427552 9.044523e-02
-653.427552 9.042247e-02
-651.427552 9.039903e-02
-649.427552 9.037625e-02
-647.427552 9.035346e-02
-645.427552 9.033000e-02
-643.427552 9.030720e-02
-641.427552 9.028439e-02
-639.427552 9.026091e-02
-637.427552 9.023810e-02
-635.427552 9.021528e-02
-633.427552 9.019179e-02
-631.427552 9.016896e-02
-629.427552 9.014613e-02
-627.427552 9.012263e-02
-625.427552 9.009980e-02
-623.427552 9.007696e-02
-621.427552 9.005345e-02
-619.427552 9.003061e-02
-617.427552 9.000777e-02
-615.427552 8.998425e-02
-613.427552 8.996141e-02
-611.427552 8.993857e-02
-609.427552 8.991505e-02
-607.427552 8.989221e-02
-605.427552 8.986938e-02
-603.427552 8.984585e-02
-601.427552 8.982302e-02
-599.427552 8.980019e-02
-597.427552 8.977667e-02
-595.427552 8.975385e-02
-593.427552 8.973104e-02
-591.427552 8.970752e-02
-589.427552 8.968471e-02
-587.427552 8.966191e-02
-585.427552 8.963840e-02
-583.427552 8.961561e-02
-581.427552 8.959282e-02
-579.427552 8.956933e-02
-577.427552 8.954655e-02
-575.427552 8.952379e-02
-573.427552 8.950031e-02
-571.427552 8.947756e-02
-569.427552 8.945481e-02
-567.427552 8.943136e-02
-565.427552 8.940864e-02
-563.427552 8.938592e-02
-561.427552 8.936321e-02
-559.427552 8.933980e-02
-557.427552 8.931711e-02
-555.427552 8.929444e-02
-553.427552 8.927105e-02
-551.427552 8.924840e-02
-549.427552 8.922576e-02
-547.427552 8.920241e-02
-545.427552 8.917980e-02
-543.427552 8.915720e-02
-541.427552 8.913388e-02
-539.427552 8.911131e-02
-537.427552 8.908874e-02
-535.427552 8.906545e-02
-533.427552 8.904291e-02
-531.427552 8.902038e-02
-529.427552 8.899713e-02
-527.427552 8.897462e-02
-525.427552 8.895213e-02
-523.427552 8.892892e-02
-521.427552 8.890646e-02
-519.427552 8.888401e-02
-517.427552 8.886085e-02
-515.427552 8.883844e-02
-513.427552 8.881604e-02
-511.427552 8.879292e-02
-509.427552 8.877056e-02
-507.427552 8.874822e-02
-505.427552 8.872516e-02
-503.427552 8.870285e-02
-501.427552 8.868056e-02
-499.427552 8.865757e-02
-497.427552 8.863532e-02
-495.427552 8.861309e-02
-493.427552 8.859016e-02
-491.427552 8.856798e-02
-489.427552 8.854582e-02
-487.427552 8.852296e-02
-485.427552 8.850084e-02
-483.427552 8.847875e-02
-481.427552 8.845595e-02
-479.427552 8.843391e-02
-477.427552 8.841189e-02
-475.427552 8.838916e-02
-473.427552 8.836719e-02
-471.427552 8.834525e-02
-469.427552 8.832260e-02
-467.427552 8.830071e-02
-465.427552 8.827884e-02
-463.427552 8.825628e-02
-461.427552 8.823447e-02
-459.427552 8.821270e-02
-457.427552 8.819022e-02
-455.427552 8.816851e-02
-453.427552 8.814682e-02
-451.427552 8.812444e-02
-449.427552 8.810282e-02
-447.427552 8.808123e-02
-445.427552 8.805896e-02
-443.427552 8.803744e-02
-441.427552 8.801595e-02
-439.427552 8.799378e-02
-437.427552 8.797237e-02
-435.427552 8.795099e-02
-433.427552 8.792894e-02
-431.427552 8.790764e-02
-429.427552 8.788638e-02
-427.427552 8.786445e-02
-425.427552 8.784327e-02
-423.427552 8.782214e-02
-421.427552 8.780034e-02
-419.427552 8.777930e-02
-417.427552 8.775830e-02
-415.427552 8.773664e-02
-413.427552 8.771573e-02
-411.427552 8.769487e-02
-409.427552 8.767335e-02
-407.427552 8.765259e-02
-405.427552 8.763188e-02
-403.427552 8.761050e-02
-401.427552 8.758990e-02
-399.427552 8.756934e-02
-397.427552 8.754812e-02
-395.427552 8.752767e-02
-393.427552 8.750727e-02
-391.427552 8.748621e-02
-389.427552 8.746592e-02
-387.427552 8.744569e-02
-385.427552 8.742480e-02
-383.427552 8.740468e-02
-381.427552 8.738462e-02
-379.427552 8.736248e-02
-377.427552 8.733968e-02
-375.427552 8.731694e-02
-373.427552 8.729425e-02
-371.427552 8.727163e-02
-369.427552 8.724907e-02
-367.427552 8.722658e-02
-365.427552 8.720414e-02
-363.427552 8.718177e-02
-361.427552 8.715947e-02
-359.427552 8.713723e-02
-357.427552 8.711506e-02
-355.427552 8.709295e-02
-353.427552 8.707092e-02
-351.427552 8.704895e-02
-349.427552 8.702705e-02
-347.427552 8.700522e-02
-345.427552 8.698347e-02
-343.427552 8.696178e-02
-341.427552 8.694017e-02
-339.427552 8.691864e-02
-337.427552 8.689718e-02
-335.427552 8.687579e-02
-333.427552 8.685449e-02
-331.427552 8.683326e-02
-329.427552 8.681211e-02
-327.427552 8.679104e-02
-325.427552 8.677004e-02
-323.427552 8.674914e-02
-321.427552 8.672831e-02
-319.427552 8.670756e-02
-317.427552 8.668691e-02
-315.427552 8.666633e-02
-313.427552 8.664584e-02
-311.427552 8.662544e-02
-309.427552 8.660513e-02
-307.427552 8.658491e-02
-305.427552 8.656477e-02
-303.427552 8.654473e-02
-301.427552 8.652477e-02
-299.427552 8.650490e-02
-297.427552 8.648513e-02
-295.427552 8.646545e-02
-293.427552 8.644586e-02
-291.427552 8.642637e-02
-289.427552 8.640697e-02
-287.427552 8.638767e-02
-285.427552 8.636847e-02
-283.427552 8.634937e-02
-281.427552 8.633036e-02
-279.427552 8.631145e-02
-277.427552 8.629265e-02
-275.427552 8.627395e-02
-273.427552 8.625535e-02
-271.427552 8.623686e-02
-269.427552 8.621847e-02
-267.427552 8.620018e-02
-265.427552 8.618201e-02
-263.427552 8.616394e-02
-261.427552 8.614598e-02
-259.427552 8.612814e-02
-257.427552 8.611040e-02
-255.427552 8.609277e-02
-253.427552 8.607526e-02
-251.427552 8.605786e-02
-249.427552 8.604058e-02
-247.427552 8.602342e-02
-245.427552 8.600637e-02
-243.427552 8.598944e-02
-241.427552 8.597263e-02
-239.427552 8.595594e-02
-237.427552 8.593937e-02
-235.427552 8.592292e-02
-233.427552 8.590660e-02
-231.427552 8.589040e-02
-229.427552 8.587433e-02
-227.427552 8.585838e-02
-225.427552 8.584256e-02
-223.427552 8.582687e-02
-221.427552 8.581130e-02
-219.427552 8.579586e-02
-217.427552 8.578055e-02
-215.427552 8.576537e-02
-213.427552 8.575032e-02
-211.427552 8.573541e-02
-209.427552 8.572062e-02
-207.427552 8.570597e-02
-205.427552 8.569146e-02
-203.427552 8.567708e-02
-201.427552 8.566284e-02
-199.427552 8.564874e-02
-197.427552 8.563478e-02
-195.427552 8.562096e-02
-193.427552 8.560728e-02
-191.427552 8.559374e-02
-189.427552 8.558034e-02
-187.427552 8.556709e-02
-185.427552 8.555398e-02
-183.427552 8.554102e-02
-181.427552 8.552820e-02
-179.427552 8.551554e-02
-177.427552 8.550302e-02
-175.427552 8.549065e-02
-173.427552 8.547843e-02
-171.427552 8.546637e-02
-169.427552 8.545446e-02
-167.427552 8.544270e-02
-165.427552 8.543109e-02
-163.427552 8.541965e-02
-161.427552 8.540836e-02
-159.427552 8.539722e-02
-157.427552 8.538625e-02
-155.427552 8.537543e-02
-153.427552 8.536478e-02
-151.427552 8.535429e-02
-149.427552 8.534396e-02
-147.427552 8.533379e-02
-145.427552 8.532378e-02
-143.427552 8.531394e-02
-141.427552 8.530427e-02
-139.427552 8.529475e-02
-137.427552 8.528541e-02
-135.427552 8.527623e-02
-133.427552 8.526723e-02
-131.427552 8.525839e-02
-129.427552 8.524972e-02
-127.427552 8.524122e-02
-125.427552 8.523289e-02
-123.427552 8.522473e-02
-121.427552 8.521674e-02
-119.427552 8.520893e-02
-117.427552 8.520130e-02
-115.427552 8.519383e-02
-113.427552 8.518654e-02
-111.427552 8.517943e-02
-109.427552 8.517249e-02
-107.427552 8.516573e-02
-105.427552 8.515915e-02
-103.427552 8.515274e-02
-101.427552 8.514652e-02
-99.427552 8.514047e-02
-97.427552 8.513461e-02
-95.427552 8.512892e-02
-93.427552 8.512342e-02
-91.427552 8.511809e-02
-89.427552 8.511296e-02
-87.427552 8.510800e-02
-85.427552 8.510323e-02
-83.427552 8.509864e-02
-81.427552 8.509424e-02
-79.427552 8.509002e-02
-77.427552 8.508599e-02
-75.427552 8.508214e-02
-73.427552 8.507848e-02
-71.427552 8.507501e-02
-69.427552 8.507172e-02
-67.427552 8.506862e-02
-65.427552 8.506571e-02
-63.427552 8.506299e-02
-61.427552 8.506045e-02
-59.427552 8.505810e-02
-57.427552 8.505594e-02
-55.427552 8.505397e-02
-53.427552 8.505218e-02
-51.427552 8.505059e-02
-49.427552 8.504918e-02
-47.427552 8.504796e-02
-45.427552 8.504694e-02
-43.427552 8.504610e-02
-41.427552 8.504544e-02
-39.427552 8.504498e-02
-37.427552 8.504471e-02
-35.427552 8.504462e-02
-33.427552 8.504473e-02
-31.427552 8.504502e-02
-29.427552 8.504550e-02
-27.427552 8.504618e-02
-25.427552 8.504704e-02
-23.427552 8.504809e-02
-21.427552 8.504932e-02
-19.427552 8.505075e-02
-17.427552 8.505237e-02
-15.427552 8.505418e-02
-13.427552 8.505617e-02
-11.427552 8.505836e-02
-9.427552 8.506073e-02
-7.427552 8.506329e-02
-5.427552 8.506605e-02
-3.427552 8.506899e-02
-1.427552 8.507212e-02
0.572448 8.507544e-02
2.572448 8.507895e-02
4.572448 8.508265e-02
6.572448 8.508654e-02
8.572448 8.509061e-02
10.572448 8.509487e-02
12.572448 8.509932e-02
14.572448 8.510396e-02
16.572448 8.510877e-02
18.572448 8.511378e-02
20.572448 8.511897e-02
22.572448 8.512434e-02
24.572448 8.512990e-02
26.572448 8.513564e-02
28.572448 8.514156e-02
30.572448 8.514766e-02
32.572448 8.515394e-02
34.572448 8.516041e-02
36.572448 8.516705e-02
38.572448 8.517387e-02
40.572448 8.518088e-02
42.572448 8.518806e-02
44.572448 8.519542e-02
46.572448 8.520295e-02
48.572448 8.521067e-02
50.572448 8.521856e-02
52.572448 8.522662e-02
54.572448 8.523486e-02
56.572448 8.524328e-02
58.572448 8.525186e-02
60.572448 8.526062e-02
62.572448 8.526956e-02
64.572448 8.527866e-02
66.572448 8.528794e-02
68.572448 8.529739e-02
70.572448 8.530701e-02
72.572448 8.531679e-02
74.572448 8.532675e-02
76.572448 8.533687e-02
78.572448 8.534716e-02
80.572448 8.535762e-02
82.572448 8.536824e-02
84.572448 8.537903e-02
86.572448 8.538999e-02
88.572448 8.540111e-02
90.572448 8.541239e-02
92.572448 8.542383e-02
94.572448 8.543544e-02
96.572448 8.544720e-02
98.572448 8.545913e-02
100.572448 8.547121e-02
102.572448 8.548345e-02
104.572448 8.549584e-02
106.572448 8.550839e-02
108.572448 8.552110e-02
110.572448 8.553396e-02
112.572448 8.554697e-02
114.572448 8.556014e-02
116.572448 8.557345e-02
118.572448 8.558692e-02
120.572448 8.560053e-02
122.572448 8.561430e-02
124.572448 8.562821e-02
126.572448 8.564226e-02
128.572448 8.565646e-02
130.572448 8.567081e-02
132.572448 8.568530e-02
134.572448 8.569993e-02
136.572448 8.571470e-02
138.572448 8.572962e-02
140.572448 8.574467e-02
142.572448 8.575987e-02
144.572448 8.577520e-02
146.572448 8.579067e-02
148.572448 8.580627e-02
150.572448 8.582201e-02
152.572448 8.583788e-02
154.572448 8.585389e-02
156.572448 8.587003e-02
158.572448 8.588630e-02
160.572448 8.590270e-02
162.572448 8.591922e-02
164.572448 8.593587e-02
166.572448 8.595266e-02
168.572448 8.596956e-02
170.572448 8.598659e-02
172.572448 8.600374e-02
174.572448 8.602102e-02
176.572448 8.603841e-02
178.572448 8.605593e-02
180.572448 8.607356e-02
182.572448 8.609131e-02
184.572448 8.610918e-02
186.572448 8.612717e-02
188.572448 8.614527e-02
190.572448 8.616348e-02
192.572448 8.618181e-02
194.572448 8.620025e-02
196.572448 8.621881e-02
198.572448 8.623747e-02
200.572448 8.625624e-02
202.572448 8.627512e-02
204.572448 8.629411e-02
206.572448 8.631320e-02
208.572448 8.633240e-02
210.572448 8.635170e-02
212.572448 8.637111e-02
214.572448 8.639062e-02
216.572448 8.641023e-02
218.572448 8.642995e-02
220.572448 8.644976e-02
222.572448 8.646967e-02
224.572448 8.648968e-02
226.572448 8.650979e-02
228.572448 8.652999e-02
230.572448 8.655030e-02
232.572448 8.657069e-02
234.572448 8.659117e-02
236.572448 8.661175e-02
238.572448 8.663242e-02
240.572448 8.665318e-02
242.572448 8.667402e-02
244.572448 8.669495e-02
246.572448 8.671597e-02
248.572448 8.673708e-02
250.572448 8.675827e-02
252.572448 8.677954e-02
254.572448 8.680090e-02
256.572448 8.682234e-02
258.572448 8.684386e-02
260.572448 8.686546e-02
262.572448 8.688714e-02
264.572448 8.690891e-02
266.572448 8.693074e-02
268.572448 8.695266e-02
270.572448 8.697465e-02
272.572448 8.699672e-02
274.572448 8.701886e-02
276.572448 8.704107e-02
278.572448 8.706336e-02
280.572448 8.708573e-02
282.572448 8.710816e-02
284.572448 8.713066e-02
286.572448 8.715324e-02
288.572448 8.717588e-02
290.572448 8.719859e-02
292.572448 8.722137e-02
294.572448 8.724422e-02
296.572448 8.726713e-02
298.572448 8.729011e-02
300.572448 8.731315e-02
302.572448 8.733626e-02
304.572448 8.735943e-02
306.572448 8.738266e-02
308.572448 8.740596e-02
310.572448 8.742931e-02
312.572448 8.745272e-02
314.572448 8.747619e-02
316.572448 8.749971e-02
318.572448 8.752329e-02
320.572448 8.754693e-02
322.572448 8.757062e-02
324.572448 8.759437e-02
326.572448 8.761817e-02
328.572448 8.764202e-02
330.572448 8.766593e-02
332.572448 8.768988e-02
334.572448 8.771389e-02
336.572448 8.773794e-02
338.572448 8.776205e-02
340.572448 8.778620e-02
342.572448 8.781040e-02
344.572448 8.783465e-02
346.572448 8.785894e-02
348.572448 8.788328e-02
350.572448 8.790766e-02
352.572448 8.793209e-02
354.572448 8.795657e-02
356.572448 8.798108e-02
358.572448 8.800564e-02
360.572448 8.803024e-02
362.572448 8.805489e-02
364.572448 8.807957e-02
366.572448 8.810430e-02
368.572448 8.812906e-02
370.572448 8.815387e-02
372.572448 8.817871e-02
374.572448 8.820359e-02
376.572448 8.822851e-02
378.572448 8.825347e-02
380.572448 8.827847e-02
382.572448 8.830350e-02
384.572448 8.832857e-02
386.572448 8.835367e-02
388.572448 8.837880e-02
390.572448 8.840397e-02
392.572448 8.842917e-02
394.572448 8.845441e-02
396.572448 8.847967e-02
398.572448 8.850497e-02
400.572448 8.853030e-02
402.572448 8.855566e-02
404.572448 8.858105e-02
406.572448 8.860647e-02
408.572448 8.863191e-02
410.572448 8.865739e-02
412.572448 8.868289e-02
414.572448 8.870842e-02
416.572448 8.873398e-02
418.572448 8.875957e-02
420.572448 8.878518e-02
422.572448 8.881082e-02
424.572448 8.883648e-02
426.572448 8.886217e-02
428.572448 8.888789e-02
430.572448 8.891363e-02
432.572448 8.893939e-02
434.572448 8.896517e-02
436.572448 8.899098e-02
438.572448 8.901681e-02
440.572448 8.904267e-02
442.572448 8.906854e-02
444.572448 8.909444e-02
446.572448 8.912036e-02
448.572448 8.914631e-02
450.572448 8.917227e-02
452.572448 8.919825e-02
454.572448 8.922426e-02
456.572448 8.925028e-02
458.572448 8.927632e-02
460.572448 8.930239e-02
462.572448 8.932847e-02
464.572448 8.935456e-02
466.572448 8.938068e-02
468.572448 8.940680e-02
470.572448 8.943295e-02
472.572448 8.945910e-02
474.572448 8.948528e-02
476.572448 8.951146e-02
478.572448 8.953766e-02
480.572448 8.956388e-02
482.572448 8.959010e-02
484.572448 8.961634e-02
486.572448 8.964259e-02
488.572448 8.966886e-02
490.572448 8.969513e-02
492.572448 8.972142e-02
494.572448 8.974772e-02
496.572448 8.977403e-02
498.572448 8.980035e-02
500.572448 8.982667e-02
502.572448 8.985301e-02
504.572448 8.987936e-02
506.572448 8.990572e-02
508.572448 8.993208e-02
510.572448 8.995845e-02
512.572448 8.998484e-02
514.572448 9.001122e-02
516.572448 9.003762e-02
518.572448 9.006402e-02
520.572448 9.009043e-02
522.572448 9.011685e-02
524.572448 9.014328e-02
526.572448 9.016971e-02
528.572448 9.019614e-02
530.572448 9.022258e-02
532.572448 9.024903e-02
534.572448 9.027548e-02
536.572448 9.030194e-02
538.572448 9.032787e-02
540.572448 9.035222e-02
542.572448 9.038030e-02
544.572448 9.040314e-02
546.572448 9.042904e-02
548.572448 9.045494e-02
550.572448 9.047932e-02
552.572448 9.050764e-02
554.572448 9.053050e-02
556.572448 9.055642e-02
558.572448 9.058255e-02
560.572448 9.060696e-02
562.572448 9.063549e-02
564.572448 9.065837e-02
566.572448 9.068431e-02
568.572448 9.071066e-02
570.572448 9.073508e-02
572.572448 9.076382e-02
574.572448 9.078671e-02
576.572448 9.081267e-02
578.572448 9.083922e-02
580.572448 9.086365e-02
582.572448 9.089260e-02
584.572448 9.091549e-02
586.572448 9.094145e-02
588.572448 9.096820e-02
590.572448 9.099262e-02
592.572448 9.102178e-02
594.572448 9.104466e-02
596.572448 9.107061e-02
598.572448 9.109756e-02
600.572448 9.112197e-02
602.572448 9.115131e-02
604.572448 9.117419e-02
606.572448 9.120012e-02
608.572448 9.122726e-02
610.572448 9.125165e-02
612.572448 9.128117e-02
614.572448 9.130403e-02
616.572448 9.132994e-02
618.572448 9.135725e-02
620.572448 9.138161e-02
622.572448 9.141130e-02
624.572448 9.143412e-02
626.572448 9.145999e-02
628.572448 9.148746e-02
630.572448 9.151179e-02
632.572448 9.154164e-02
634.572448 9.156442e-02
636.572448 9.159025e-02
638.572448 9.161787e-02
640.572448 9.164215e-02
642.572448 9.167215e-02
644.572448 9.169487e-02
646.572448 9.172065e-02
648.572448 9.174842e-02
650.572448 9.177265e-02
652.572448 9.180278e-02
654.572448 9.182545e-02
656.572448 9.185118e-02
658.572448 9.187908e-02
660.572448 9.190324e-02
662.572448 9.193352e-02
664.572448 9.195612e-02
666.572448 9.198178e-02
668.572448 9.200981e-02
670.572448 9.203390e-02
672.572448 9.206430e-02
674.572448 9.208684e-02
676.572448 9.211242e-02
678.572448 9.214057e-02
680.572448 9.216459e-02
682.572448 9.219510e-02
684.572448 9.221756e-02
686.572448 9.224306e-02
688.572448 9.227132e-02
690.572448 9.229525e-02
692.572448 9.232588e-02
694.572448 9.234824e-02
696.572448 9.237364e-02
698.572448 9.240200e-02
700.572448 9.242583e-02
702.572448 9.245654e-02
704.572448 9.247880e-02
706.572448 9.250410e-02
708.572448 9.253253e-02
710.572448 9.255626e-02
712.572448 9.258704e-02
714.572448 9.260919e-02
716.572448 9.263437e-02
718.572448 9.266288e-02
720.572448 9.268649e-02
722.572448 9.271734e-02
724.572448 9.273937e-02
726.572448 9.276444e-02
728.572448 9.279301e-02
730.572448 9.281649e-02
732.572448 9.284302e-02
734.572448 9.286931e-02
736.572448 9.289425e-02
738.572448 9.292288e-02
740.572448 9.294623e-02
742.572448 9.297263e-02
744.572448 9.299897e-02
746.572448 9.302378e-02
748.572448 9.305245e-02
750.572448 9.307567e-02
752.572448 9.310193e-02
754.572448 9.312831e-02
756.572448 9.315298e-02
758.572448 9.318170e-02
760.572448 9.320478e-02
762.572448 9.323089e-02
764.572448 9.325731e-02
