3800.00 0.000000
3801.00 0.000000
3802.00 0.000000
3803.00 0.000000
3804.00 0.000000
3805.00 0.000000
3806.00 0.000000
3807.00 0.000000
3808.00 0.000000
3809.00 0.000000
3810.00 0.000000
3811.00 0.000000
3812.00 0.000000
3813.00 0.000000
3814.00 0.000000
3815.00 0.000000
3816.00 0.000000
3817.00 0.000000
3818.00 0.000000
3819.00 0.000000
3820.00 0.000000
3821.00 0.000000
3822.00 0.000000
3823.00 0.000000
3824.00 0.000000
3825.00 0.000000
3826.00 0.000000
3827.00 0.000000
3828.00 0.000000
3829.00 0.000000
3830.00 0.000000
3831.00 0.000000
3832.00 0.000000
3833.00 0.000000
3834.00 0.000000
3835.00 0.000000
3836.00 0.000000
3837.00 0.000000
3838.00 0.000000
3839.00 0.000000
3840.00 0.000000
3841.00 0.000000
3842.00 0.000000
3843.00 0.000000
3844.00 0.000000
3845.00 0.000133
3846.00 0.001908
3847.00 0.012441
3848.00 0.053312
3849.00 0.160790
3850.00 0.353261
3851.00 0.587779
3852.00 0.779443
3853.00 0.878594
3854.00 0.903376
3855.00 0.900602
3856.00 0.903093
3857.00 0.916957
3858.00 0.930538
3859.00 0.935913
3860.00 0.937968
3861.00 0.940012
3862.00 0.936523
3863.00 0.923842
3864.00 0.904934
3865.00 0.886008
3866.00 0.875776
3867.00 0.879467
3868.00 0.889721
3869.00 0.892417
3870.00 0.881450
3871.00 0.861136
3872.00 0.837973
3873.00 0.816543
3874.00 0.799402
3875.00 0.785445
3876.00 0.769055
3877.00 0.744913
3878.00 0.716914
3879.00 0.695919
3880.00 0.682913
3881.00 0.664674
3882.00 0.631191
3883.00 0.585646
3884.00 0.535024
3885.00 0.481488
3886.00 0.425532
3887.00 0.371744
3888.00 0.330563
3889.00 0.315749
3890.00 0.335573
3891.00 0.384119
3892.00 0.445094
3893.00 0.503987
3894.00 0.554816
3895.00 0.598640
3896.00 0.638286
3897.00 0.674009
3898.00 0.704398
3899.00 0.730030
3900.00 0.753209
3901.00 0.773617
3902.00 0.787156
3903.00 0.792573
3904.00 0.795259
3905.00 0.801124
3906.00 0.812485
3907.00 0.829425
3908.00 0.849527
3909.00 0.867938
3910.00 0.879983
3911.00 0.883865
3912.00 0.881867
3913.00 0.878219
3914.00 0.875103
3915.00 0.871345
3916.00 0.865112
3917.00 0.857297
3918.00 0.850925
3919.00 0.849329
3920.00 0.854759
3921.00 0.865528
3922.00 0.874924
3923.00 0.874916
3924.00 0.861215
3925.00 0.834639
3926.00 0.799003
3927.00 0.756224
3928.00 0.704364
3929.00 0.642710
3930.00 0.575352
3931.00 0.509106
3932.00 0.452091
3933.00 0.415365
3934.00 0.410779
3935.00 0.441968
3936.00 0.499444
3937.00 0.568005
3938.00 0.637259
3939.00 0.702287
3940.00 0.757203
3941.00 0.795785
3942.00 0.817783
3943.00 0.828752
3944.00 0.835684
3945.00 0.843309
3946.00 0.850271
3947.00 0.851347
3948.00 0.845825
3949.00 0.838280
3950.00 0.830444
3951.00 0.819564
3952.00 0.805393
3953.00 0.791874
3954.00 0.779806
3955.00 0.764817
3956.00 0.745992
3957.00 0.728877
3958.00 0.716171
3959.00 0.702282
3960.00 0.679909
3961.00 0.647318
3962.00 0.607670
3963.00 0.564591
3964.00 0.520169
3965.00 0.474618
3966.00 0.426472
3967.00 0.375034
3968.00 0.324201
3969.00 0.284273
3970.00 0.268386
3971.00 0.283494
3972.00 0.323885
3973.00 0.375790
3974.00 0.427752
3975.00 0.475153
3976.00 0.518455
3977.00 0.559854
3978.00 0.599863
3979.00 0.636676
3980.00 0.668665
3981.00 0.695242
3982.00 0.716500
3983.00 0.733674
3984.00 0.748942
3985.00 0.764453
3986.00 0.781979
3987.00 0.802339
3988.00 0.822240
3989.00 0.835277
3990.00 0.840699
3991.00 0.845566
3992.00 0.855696
3993.00 0.869759
3994.00 0.882411
3995.00 0.889494
3996.00 0.890804
3997.00 0.890936
3998.00 0.896163
3999.00 0.907176
4000.00 0.916679
4001.00 0.917393
4002.00 0.909956
4003.00 0.900049
4004.00 0.891708
4005.00 0.888243
4006.00 0.894181
4007.00 0.909520
4008.00 0.926483
4009.00 0.935971
4010.00 0.934976
4011.00 0.926860
4012.00 0.917917
4013.00 0.914475
4014.00 0.918676
4015.00 0.926238
4016.00 0.931402
4017.00 0.934596
4018.00 0.942262
4019.00 0.956162
4020.00 0.968235
4021.00 0.970809
4022.00 0.965426
4023.00 0.957760
4024.00 0.951379
4025.00 0.950230
4026.00 0.957701
4027.00 0.968770
4028.00 0.971095
4029.00 0.956887
4030.00 0.931447
4031.00 0.909477
4032.00 0.902037
4033.00 0.909258
4034.00 0.924652
4035.00 0.940739
4036.00 0.951939
4037.00 0.955681
4038.00 0.953153
4039.00 0.949200
4040.00 0.948666
4041.00 0.952192
4042.00 0.954989
4043.00 0.948943
4044.00 0.931197
4045.00 0.912359
4046.00 0.907670
4047.00 0.917991
4048.00 0.929495
4049.00 0.933015
4050.00 0.930046
4051.00 0.921545
4052.00 0.906811
4053.00 0.890453
4054.00 0.879427
4055.00 0.875023
4056.00 0.872509
4057.00 0.869785
4058.00 0.872087
4059.00 0.882657
4060.00 0.894017
4061.00 0.895323
4062.00 0.885007
4063.00 0.872431
4064.00 0.867507
4065.00 0.869729
4066.00 0.871538
4067.00 0.871873
4068.00 0.875656
4069.00 0.880206
4070.00 0.876394
4071.00 0.863913
4072.00 0.851670
4073.00 0.840913
4074.00 0.818508
4075.00 0.770789
4076.00 0.701907
4077.00 0.639908
4078.00 0.619793
4079.00 0.651101
4080.00 0.707425
4081.00 0.753679
4082.00 0.774561
4083.00 0.774849
4084.00 0.764700
4085.00 0.751238
4086.00 0.738086
4087.00 0.725669
4088.00 0.712039
4089.00 0.696060
4090.00 0.678718
4091.00 0.660623
4092.00 0.640824
4093.00 0.618216
4094.00 0.591672
4095.00 0.559638
4096.00 0.521209
4097.00 0.477068
4098.00 0.429257
4099.00 0.379905
4100.00 0.331840
4101.00 0.293463
4102.00 0.278910
4103.00 0.296265
4104.00 0.338415
4105.00 0.390182
4106.00 0.440058
4107.00 0.482875
4108.00 0.516721
4109.00 0.541453
4110.00 0.559948
4111.00 0.578827
4112.00 0.605051
4113.00 0.640480
4114.00 0.680424
4115.00 0.717030
4116.00 0.743848
4117.00 0.758552
4118.00 0.763851
4119.00 0.766489
4120.00 0.772243
4121.00 0.781558
4122.00 0.792517
4123.00 0.804427
4124.00 0.814563
4125.00 0.816307
4126.00 0.805778
4127.00 0.788013
4128.00 0.773719
4129.00 0.770302
4130.00 0.776861
4131.00 0.788576
4132.00 0.804304
4133.00 0.825963
4134.00 0.851585
4135.00 0.874692
4136.00 0.890394
4137.00 0.899434
4138.00 0.906957
4139.00 0.916769
4140.00 0.926595
4141.00 0.929667
4142.00 0.922142
4143.00 0.908998
4144.00 0.899174
4145.00 0.895782
4146.00 0.897287
4147.00 0.904174
4148.00 0.915129
4149.00 0.922807
4150.00 0.921351
4151.00 0.912190
4152.00 0.899710
4153.00 0.887341
4154.00 0.878825
4155.00 0.877342
4156.00 0.881352
4157.00 0.886170
4158.00 0.888773
4159.00 0.887325
4160.00 0.880866
4161.00 0.874453
4162.00 0.879208
4163.00 0.899246
4164.00 0.924460
4165.00 0.941861
4166.00 0.947174
4167.00 0.944561
4168.00 0.938410
4169.00 0.925248
4170.00 0.898363
4171.00 0.862432
4172.00 0.834644
4173.00 0.828609
4174.00 0.842644
4175.00 0.863591
4176.00 0.877571
4177.00 0.878155
4178.00 0.870598
4179.00 0.867601
4180.00 0.875054
4181.00 0.884954
4182.00 0.888158
4183.00 0.886750
4184.00 0.888391
4185.00 0.895178
4186.00 0.900920
4187.00 0.900205
4188.00 0.897671
4189.00 0.901122
4190.00 0.910152
4191.00 0.920593
4192.00 0.932435
4193.00 0.943520
4194.00 0.945898
4195.00 0.936576
4196.00 0.920774
4197.00 0.903212
4198.00 0.889143
4199.00 0.888199
4200.00 0.902167
4201.00 0.918548
4202.00 0.925694
4203.00 0.923326
4204.00 0.916746
4205.00 0.911226
4206.00 0.910287
4207.00 0.912816
4208.00 0.914637
4209.00 0.915075
4210.00 0.918311
4211.00 0.924870
4212.00 0.923475
4213.00 0.896805
4214.00 0.840662
4215.00 0.780196
4216.00 0.757264
4217.00 0.789275
4218.00 0.850833
4219.00 0.904842
4220.00 0.936175
4221.00 0.949468
4222.00 0.951032
4223.00 0.942527
4224.00 0.925136
4225.00 0.904290
4226.00 0.890576
4227.00 0.895385
4228.00 0.921004
4229.00 0.954424
4230.00 0.977546
4231.00 0.980756
4232.00 0.966241
4233.00 0.947260
4234.00 0.938773
4235.00 0.942048
4236.00 0.946763
4237.00 0.945211
4238.00 0.936819
4239.00 0.927390
4240.00 0.925386
4241.00 0.933000
4242.00 0.944981
4243.00 0.956289
4244.00 0.963551
4245.00 0.963195
4246.00 0.956699
4247.00 0.952000
4248.00 0.953343
4249.00 0.955535
4250.00 0.953448
4251.00 0.949883
4252.00 0.948137
4253.00 0.946311
4254.00 0.944369
4255.00 0.947007
4256.00 0.954833
4257.00 0.960191
4258.00 0.955209
4259.00 0.939259
4260.00 0.919750
4261.00 0.909262
4262.00 0.917086
4263.00 0.940825
4264.00 0.969176
4265.00 0.991501
4266.00 1.001624
4267.00 0.997286
4268.00 0.981657
4269.00 0.963052
4270.00 0.948742
4271.00 0.940714
4272.00 0.938377
4273.00 0.939601
4274.00 0.940961
4275.00 0.943235
4276.00 0.950430
4277.00 0.960789
4278.00 0.967833
4279.00 0.969431
4280.00 0.968152
4281.00 0.965699
4282.00 0.961551
4283.00 0.955984
4284.00 0.952060
4285.00 0.952337
4286.00 0.954074
4287.00 0.949380
4288.00 0.932557
4289.00 0.909548
4290.00 0.897455
4291.00 0.907524
4292.00 0.930532
4293.00 0.947584
4294.00 0.950633
4295.00 0.944565
4296.00 0.935200
4297.00 0.922864
4298.00 0.905007
4299.00 0.882906
4300.00 0.864580
4301.00 0.856707
4302.00 0.857812
4303.00 0.862316
4304.00 0.864074
4305.00 0.859190
4306.00 0.850957
4307.00 0.846214
4308.00 0.849492
4309.00 0.863382
4310.00 0.884947
4311.00 0.902224
4312.00 0.903517
4313.00 0.890268
4314.00 0.875258
4315.00 0.869252
4316.00 0.872017
4317.00 0.874265
4318.00 0.867969
4319.00 0.854411
4320.00 0.841506
4321.00 0.835217
4322.00 0.833469
4323.00 0.826998
4324.00 0.808610
4325.00 0.782739
4326.00 0.761975
4327.00 0.752452
4328.00 0.747490
4329.00 0.737153
4330.00 0.718305
4331.00 0.693911
4332.00 0.666795
4333.00 0.636819
4334.00 0.602503
4335.00 0.562260
4336.00 0.514820
4337.00 0.460757
4338.00 0.403701
4339.00 0.351040
4340.00 0.315366
4341.00 0.310215
4342.00 0.337571
4343.00 0.384413
4344.00 0.435980
4345.00 0.486068
4346.00 0.533488
4347.00 0.576790
4348.00 0.613758
4349.00 0.640879
4350.00 0.654980
4351.00 0.660130
4352.00 0.668976
4353.00 0.690718
4354.00 0.721416
4355.00 0.751001
4356.00 0.773980
4357.00 0.790759
4358.00 0.804611
4359.00 0.819015
4360.00 0.835042
4361.00 0.850640
4362.00 0.864059
4363.00 0.877234
4364.00 0.892124
4365.00 0.904736
4366.00 0.908128
4367.00 0.901788
4368.00 0.894160
4369.00 0.894373
4370.00 0.903786
4371.00 0.916740
4372.00 0.925553
4373.00 0.924934
4374.00 0.917961
4375.00 0.916003
4376.00 0.927010
4377.00 0.947500
4378.00 0.968046
4379.00 0.981054
4380.00 0.983282
4381.00 0.974837
4382.00 0.956713
4383.00 0.932553
4384.00 0.912818
4385.00 0.908159
4386.00 0.917553
4387.00 0.930923
4388.00 0.941733
4389.00 0.949448
4390.00 0.954407
4391.00 0.957908
4392.00 0.961211
4393.00 0.961357
4394.00 0.956442
4395.00 0.953297
4396.00 0.960093
4397.00 0.973726
4398.00 0.983139
4399.00 0.982772
4400.00 0.976698
4401.00 0.971335
4402.00 0.967842
4403.00 0.963976
4404.00 0.961510
4405.00 0.964850
4406.00 0.972385
4407.00 0.977119
4408.00 0.976451
4409.00 0.974189
4410.00 0.973505
4411.00 0.973740
4412.00 0.971944
4413.00 0.964657
4414.00 0.952498
4415.00 0.942352
4416.00 0.939831
4417.00 0.943918
4418.00 0.952379
4419.00 0.963151
4420.00 0.968334
4421.00 0.958087
4422.00 0.934997
4423.00 0.917201
4424.00 0.920157
4425.00 0.939790
4426.00 0.960162
4427.00 0.970699
4428.00 0.970029
4429.00 0.960683
4430.00 0.947904
4431.00 0.939013
4432.00 0.936115
4433.00 0.934296
4434.00 0.931418
4435.00 0.933633
4436.00 0.947767
4437.00 0.971058
4438.00 0.992428
4439.00 1.002644
4440.00 0.999446
4441.00 0.985687
4442.00 0.967623
4443.00 0.954408
4444.00 0.954105
4445.00 0.966168
4446.00 0.980395
4447.00 0.987633
4448.00 0.987622
4449.00 0.984364
4450.00 0.981496
4451.00 0.982067
4452.00 0.983773
4453.00 0.977262
4454.00 0.958109
4455.00 0.936354
4456.00 0.925720
4457.00 0.927582
4458.00 0.933688
4459.00 0.939177
4460.00 0.944331
4461.00 0.949674
4462.00 0.955732
4463.00 0.960750
4464.00 0.959512
4465.00 0.952032
4466.00 0.945875
4467.00 0.945241
4468.00 0.947784
4469.00 0.952646
4470.00 0.961071
4471.00 0.970275
4472.00 0.975449
4473.00 0.975536
4474.00 0.972793
4475.00 0.970770
4476.00 0.973668
4477.00 0.981103
4478.00 0.982434
4479.00 0.964089
4480.00 0.927256
4481.00 0.895239
4482.00 0.894363
4483.00 0.925505
4484.00 0.964798
4485.00 0.990099
4486.00 0.993890
4487.00 0.977665
4488.00 0.949812
4489.00 0.925979
4490.00 0.919075
4491.00 0.928925
4492.00 0.946221
4493.00 0.961750
4494.00 0.970989
4495.00 0.975776
4496.00 0.980808
4497.00 0.986778
4498.00 0.988897
4499.00 0.982479
4500.00 0.970027
4501.00 0.961818
4502.00 0.966544
4503.00 0.981298
4504.00 0.994890
4505.00 0.998985
4506.00 0.992290
4507.00 0.980032
4508.00 0.972131
4509.00 0.974641
4510.00 0.982525
4511.00 0.986610
4512.00 0.984203
4513.00 0.977264
4514.00 0.967164
4515.00 0.958671
4516.00 0.960050
4517.00 0.971666
4518.00 0.983208
4519.00 0.985940
4520.00 0.980613
4521.00 0.972930
4522.00 0.966574
4523.00 0.961281
4524.00 0.953529
4525.00 0.940310
4526.00 0.925784
4527.00 0.918767
4528.00 0.921457
4529.00 0.927830
4530.00 0.933875
4531.00 0.940457
4532.00 0.945606
4533.00 0.944716
4534.00 0.941046
4535.00 0.945873
4536.00 0.963901
4537.00 0.984702
4538.00 0.991472
4539.00 0.978237
4540.00 0.957351
4541.00 0.947325
4542.00 0.953403
4543.00 0.963767
4544.00 0.965873
4545.00 0.961362
4546.00 0.959720
4547.00 0.960764
4548.00 0.954184
4549.00 0.939773
4550.00 0.934325
4551.00 0.947988
4552.00 0.967529
4553.00 0.973096
4554.00 0.960192
4555.00 0.941176
4556.00 0.930506
4557.00 0.930290
4558.00 0.934810
4559.00 0.945191
4560.00 0.964692
4561.00 0.984415
4562.00 0.989984
4563.00 0.978390
4564.00 0.960945
4565.00 0.952537
4566.00 0.959637
4567.00 0.976451
4568.00 0.990432
4569.00 0.992436
4570.00 0.982522
4571.00 0.968822
4572.00 0.963091
4573.00 0.971414
4574.00 0.986808
4575.00 0.997320
4576.00 0.998937
4577.00 0.994468
4578.00 0.985488
4579.00 0.972224
4580.00 0.957472
4581.00 0.944601
4582.00 0.933924
4583.00 0.925130
4584.00 0.920936
4585.00 0.923119
4586.00 0.927299
4587.00 0.928043
4588.00 0.926923
4589.00 0.929334
4590.00 0.934981
4591.00 0.939835
4592.00 0.945441
4593.00 0.955807
4594.00 0.967651
4595.00 0.974367
4596.00 0.976255
4597.00 0.977585
4598.00 0.978307
4599.00 0.975743
4600.00 0.970732
4601.00 0.968790
4602.00 0.974250
4603.00 0.984156
4604.00 0.991935
4605.00 0.995517
4606.00 0.997787
4607.00 1.001399
4608.00 1.006198
4609.00 1.009427
4610.00 1.007703
4611.00 1.000685
4612.00 0.991616
4613.00 0.983581
4614.00 0.976357
4615.00 0.967531
4616.00 0.957148
4617.00 0.948548
4618.00 0.943252
4619.00 0.941082
4620.00 0.943630
4621.00 0.950878
4622.00 0.960558
4623.00 0.970880
4624.00 0.977985
4625.00 0.978318
4626.00 0.975530
4627.00 0.975555
4628.00 0.977860
4629.00 0.980012
4630.00 0.983364
4631.00 0.986929
4632.00 0.984450
4633.00 0.973632
4634.00 0.961965
4635.00 0.958667
4636.00 0.963372
4637.00 0.968296
4638.00 0.969514
4639.00 0.968884
4640.00 0.968409
4641.00 0.969253
4642.00 0.971992
4643.00 0.974148
4644.00 0.970289
4645.00 0.956594
4646.00 0.936691
4647.00 0.921953
4648.00 0.921632
4649.00 0.934011
4650.00 0.949886
4651.00 0.961624
4652.00 0.967873
4653.00 0.970653
4654.00 0.971003
4655.00 0.970270
4656.00 0.971613
4657.00 0.978219
4658.00 0.990642
4659.00 1.004190
4660.00 1.011155
4661.00 1.006907
4662.00 0.992086
4663.00 0.971142
4664.00 0.949826
4665.00 0.931481
4666.00 0.917613
4667.00 0.912525
4668.00 0.919743
4669.00 0.935008
4670.00 0.949839
4671.00 0.958878
4672.00 0.962314
4673.00 0.965604
4674.00 0.974276
4675.00 0.986522
4676.00 0.994542
4677.00 0.993294
4678.00 0.985778
4679.00 0.979866
4680.00 0.980293
4681.00 0.985501
4682.00 0.991506
4683.00 0.995027
4684.00 0.995094
4685.00 0.994476
4686.00 0.996058
4687.00 0.997626
4688.00 0.995015
4689.00 0.988897
4690.00 0.983506
4691.00 0.981019
4692.00 0.980865
4693.00 0.982208
4694.00 0.984346
4695.00 0.985076
4696.00 0.979886
4697.00 0.965910
4698.00 0.948209
4699.00 0.937750
4700.00 0.939891
4701.00 0.948597
4702.00 0.955663
4703.00 0.961067
4704.00 0.968858
4705.00 0.977014
4706.00 0.978851
4707.00 0.972992
4708.00 0.966601
4709.00 0.967683
4710.00 0.976375
4711.00 0.985603
4712.00 0.988843
4713.00 0.986004
4714.00 0.983078
4715.00 0.985591
4716.00 0.991960
4717.00 0.996443
4718.00 0.997945
4719.00 1.000135
4720.00 1.003609
4721.00 1.004418
4722.00 1.000704
4723.00 0.996621
4724.00 0.997585
4725.00 1.002094
4726.00 1.002712
4727.00 0.996216
4728.00 0.986430
4729.00 0.977391
4730.00 0.971701
4731.00 0.973807
4732.00 0.985695
4733.00 1.000909
4734.00 1.009452
4735.00 1.006435
4736.00 0.994894
4737.00 0.984445
4738.00 0.983941
4739.00 0.991407
4740.00 0.997058
4741.00 0.996537
4742.00 0.993747
4743.00 0.992234
4744.00 0.991406
4745.00 0.990351
4746.00 0.989052
4747.00 0.987006
4748.00 0.985537
4749.00 0.987640
4750.00 0.991944
4751.00 0.993272
4752.00 0.990487
4753.00 0.986885
4754.00 0.983593
4755.00 0.979852
4756.00 0.978364
4757.00 0.983354
4758.00 0.993534
4759.00 1.001843
4760.00 1.002212
4761.00 0.994474
4762.00 0.982749
4763.00 0.970491
4764.00 0.959397
4765.00 0.952616
4766.00 0.953680
4767.00 0.962002
4768.00 0.973152
4769.00 0.981963
4770.00 0.985149
4771.00 0.984666
4772.00 0.986729
4773.00 0.993765
4774.00 1.001134
4775.00 1.004673
4776.00 1.006209
4777.00 1.008502
4778.00 1.009972
4779.00 1.008829
4780.00 1.007279
4781.00 1.006830
4782.00 1.004974
4783.00 1.001166
4784.00 0.999493
4785.00 1.001322
4786.00 1.002611
4787.00 1.000290
4788.00 0.994989
4789.00 0.989025
4790.00 0.985464
4791.00 0.985782
4792.00 0.988882
4793.00 0.993976
4794.00 0.999917
4795.00 1.002840
4796.00 0.999703
4797.00 0.991280
4798.00 0.979034
4799.00 0.964587
4800.00 0.954044
4801.00 0.955046
4802.00 0.965866
4803.00 0.974753
4804.00 0.973889
4805.00 0.968200
4806.00 0.967432
4807.00 0.973648
4808.00 0.980891
4809.00 0.983725
4810.00 0.980709
4811.00 0.973432
4812.00 0.966490
4813.00 0.964891
4814.00 0.968460
4815.00 0.972257
4816.00 0.973453
4817.00 0.973886
4818.00 0.975928
4819.00 0.978831
4820.00 0.979166
4821.00 0.972788
4822.00 0.956906
4823.00 0.934432
4824.00 0.916255
4825.00 0.912549
4826.00 0.920784
4827.00 0.928992
4828.00 0.929349
4829.00 0.923436
4830.00 0.916856
4831.00 0.912150
4832.00 0.908116
4833.00 0.903837
4834.00 0.898850
4835.00 0.891750
4836.00 0.883191
4837.00 0.876859
4838.00 0.873790
4839.00 0.870719
4840.00 0.865923
4841.00 0.860639
4842.00 0.854926
4843.00 0.847175
4844.00 0.836575
4845.00 0.822581
4846.00 0.803918
4847.00 0.781239
4848.00 0.759271
4849.00 0.743111
4850.00 0.732000
4851.00 0.719930
4852.00 0.702172
4853.00 0.677614
4854.00 0.646658
4855.00 0.610807
4856.00 0.572833
4857.00 0.534170
4858.00 0.492432
4859.00 0.444352
4860.00 0.393932
4861.00 0.357181
4862.00 0.352309
4863.00 0.381642
4864.00 0.430019
4865.00 0.481516
4866.00 0.529129
4867.00 0.570990
4868.00 0.606185
4869.00 0.634143
4870.00 0.655349
4871.00 0.672966
4872.00 0.691990
4873.00 0.713672
4874.00 0.732820
4875.00 0.744064
4876.00 0.749855
4877.00 0.759345
4878.00 0.778299
4879.00 0.803063
4880.00 0.825418
4881.00 0.839991
4882.00 0.845932
4883.00 0.844324
4884.00 0.837438
4885.00 0.830176
4886.00 0.828406
4887.00 0.834646
4888.00 0.846199
4889.00 0.857354
4890.00 0.864411
4891.00 0.869961
4892.00 0.880116
4893.00 0.896067
4894.00 0.912371
4895.00 0.923858
4896.00 0.929785
4897.00 0.932195
4898.00 0.933013
4899.00 0.932783
4900.00 0.931410
4901.00 0.929225
4902.00 0.927589
4903.00 0.929229
4904.00 0.936359
4905.00 0.947090
4906.00 0.955824
4907.00 0.958026
4908.00 0.952912
4909.00 0.942556
4910.00 0.931356
4911.00 0.925599
4912.00 0.929799
4913.00 0.943079
4914.00 0.960016
4915.00 0.973288
4916.00 0.976736
4917.00 0.968544
4918.00 0.952028
4919.00 0.933615
4920.00 0.920104
4921.00 0.914794
4922.00 0.914474
4923.00 0.914960
4924.00 0.919717
4925.00 0.934733
4926.00 0.956055
4927.00 0.972943
4928.00 0.980971
4929.00 0.983051
4930.00 0.982103
4931.00 0.979226
4932.00 0.974718
4933.00 0.969518
4934.00 0.966766
4935.00 0.967935
4936.00 0.968710
4937.00 0.964570
4938.00 0.957810
4939.00 0.955270
4940.00 0.960914
4941.00 0.971980
4942.00 0.982726
4943.00 0.990157
4944.00 0.994044
4945.00 0.994550
4946.00 0.992429
4947.00 0.989086
4948.00 0.985621
4949.00 0.983069
4950.00 0.981872
4951.00 0.980446
4952.00 0.976990
4953.00 0.972935
4954.00 0.971345
4955.00 0.971332
4956.00 0.968088
4957.00 0.962098
4958.00 0.963407
4959.00 0.978114
4960.00 0.997425
4961.00 1.009159
4962.00 1.011414
4963.00 1.009464
4964.00 1.006455
4965.00 1.001985
4966.00 0.996421
4967.00 0.991923
4968.00 0.989837
4969.00 0.989648
4970.00 0.990445
4971.00 0.992427
4972.00 0.996632
4973.00 1.003249
4974.00 1.010433
4975.00 1.014943
4976.00 1.014651
4977.00 1.010983
4978.00 1.007921
4979.00 1.007186
4980.00 1.004556
4981.00 0.993725
4982.00 0.975347
4983.00 0.959260
4984.00 0.955454
4985.00 0.965713
4986.00 0.984723
4987.00 1.004339
4988.00 1.016653
4989.00 1.018163
4990.00 1.012273
4991.00 1.006250
4992.00 1.005038
4993.00 1.008086
4994.00 1.012892
4995.00 1.018430
4996.00 1.023750
4997.00 1.026976
4998.00 1.025517
4999.00 1.016192
5000.00 0.998013
5001.00 0.976491
5002.00 0.962217
5003.00 0.959834
5004.00 0.961499
5005.00 0.958257
5006.00 0.952888
5007.00 0.955406
5008.00 0.969530
5009.00 0.987949
5010.00 1.000181
5011.00 1.001502
5012.00 0.994373
5013.00 0.985318
5014.00 0.980297
5015.00 0.979519
5016.00 0.976026
5017.00 0.961954
5018.00 0.939503
5019.00 0.922631
5020.00 0.922248
5021.00 0.935197
5022.00 0.952391
5023.00 0.969228
5024.00 0.983735
5025.00 0.991751
5026.00 0.989522
5027.00 0.980366
5028.00 0.974679
5029.00 0.978979
5030.00 0.988910
5031.00 0.997693
5032.00 1.004229
5033.00 1.009111
5034.00 1.010085
5035.00 1.005828
5036.00 1.000025
5037.00 0.997013
5038.00 0.994711
5039.00 0.986301
5040.00 0.970076
5041.00 0.955548
5042.00 0.955795
5043.00 0.971752
5044.00 0.990842
5045.00 1.002413
5046.00 1.005296
5047.00 1.002409
5048.00 0.997320
5049.00 0.993866
5050.00 0.993509
5051.00 0.994735
5052.00 0.996210
5053.00 0.997079
5054.00 0.994709
5055.00 0.987793
5056.00 0.982107
5057.00 0.986220
5058.00 0.999775
5059.00 1.013463
5060.00 1.020688
5061.00 1.022416
5062.00 1.021501
5063.00 1.017333
5064.00 1.008065
5065.00 0.996337
5066.00 0.988108
5067.00 0.985522
5068.00 0.986552
5069.00 0.989389
5070.00 0.991630
5071.00 0.989874
5072.00 0.983913
5073.00 0.976903
5074.00 0.971321
5075.00 0.969069
5076.00 0.972427
5077.00 0.979554
5078.00 0.984214
5079.00 0.984975
5080.00 0.987624
5081.00 0.994726
5082.00 1.001523
5083.00 1.004086
5084.00 1.003535
5085.00 1.001959
5086.00 0.999978
5087.00 0.998433
5088.00 0.998088
5089.00 0.997698
5090.00 0.996082
5091.00 0.995037
5092.00 0.996629
5093.00 0.999832
5094.00 1.002053
5095.00 0.999880
5096.00 0.990034
5097.00 0.975083
5098.00 0.963918
5099.00 0.961979
5100.00 0.967372
5101.00 0.977443
5102.00 0.991077
5103.00 1.005063
5104.00 1.014968
5105.00 1.018773
5106.00 1.016926
5107.00 1.011160
5108.00 1.004003
5109.00 0.997764
5110.00 0.994769
5111.00 0.997275
5112.00 1.004133
5113.00 1.010864
5114.00 1.014448
5115.00 1.015132
5116.00 1.015080
5117.00 1.016396
5118.00 1.018521
5119.00 1.018480
5120.00 1.014732
5121.00 1.008840
5122.00 1.003161
5123.00 0.998567
5124.00 0.994793
5125.00 0.992008
5126.00 0.991368
5127.00 0.993754
5128.00 0.998762
5129.00 1.005262
5130.00 1.011504
5131.00 1.014234
5132.00 1.010700
5133.00 1.003334
5134.00 0.998852
5135.00 0.999400
5136.00 0.999042
5137.00 0.992781
5138.00 0.983598
5139.00 0.978096
5140.00 0.979812
5141.00 0.985612
5142.00 0.989052
5143.00 0.988835
5144.00 0.988492
5145.00 0.989454
5146.00 0.990203
5147.00 0.989436
5148.00 0.988049
5149.00 0.988663
5150.00 0.992122
5151.00 0.995053
5152.00 0.993080
5153.00 0.986762
5154.00 0.982985
5155.00 0.987294
5156.00 0.996490
5157.00 1.003899
5158.00 1.007201
5159.00 1.006531
5160.00 1.001198
5161.00 0.992321
5162.00 0.985003
5163.00 0.983292
5164.00 0.982671
5165.00 0.972687
5166.00 0.949587
5167.00 0.922600
5168.00 0.906750
5169.00 0.910053
5170.00 0.926424
5171.00 0.941543
5172.00 0.949467
5173.00 0.959162
5174.00 0.977751
5175.00 0.997237
5176.00 1.006798
5177.00 1.007096
5178.00 1.005572
5179.00 1.005370
5180.00 1.003879
5181.00 0.997215
5182.00 0.982815
5183.00 0.963497
5184.00 0.950320
5185.00 0.952582
5186.00 0.965352
5187.00 0.975980
5188.00 0.979031
5189.00 0.977910
5190.00 0.975172
5191.00 0.969484
5192.00 0.963672
5193.00 0.963517
5194.00 0.966792
5195.00 0.966442
5196.00 0.963096
5197.00 0.963541
5198.00 0.970324
5199.00 0.979693
5200.00 0.986759
5201.00 0.989217
5202.00 0.986935
5203.00 0.980443
5204.00 0.970728
5205.00 0.960814
5206.00 0.955359
5207.00 0.956413
5208.00 0.962343
5209.00 0.971964
5210.00 0.983750
5211.00 0.993216
5212.00 0.996418
5213.00 0.991273
5214.00 0.977644
5215.00 0.961906
5216.00 0.955106
5217.00 0.962905
5218.00 0.980748
5219.00 0.998770
5220.00 1.008506
5221.00 1.007201
5222.00 0.997599
5223.00 0.982624
5224.00 0.961991
5225.00 0.936245
5226.00 0.912551
5227.00 0.903466
5228.00 0.916865
5229.00 0.945724
5230.00 0.972579
5231.00 0.984499
5232.00 0.981163
5233.00 0.972329
5234.00 0.967798
5235.00 0.968244
5236.00 0.968360
5237.00 0.966889
5238.00 0.968972
5239.00 0.977607
5240.00 0.987655
5241.00 0.991899
5242.00 0.989059
5243.00 0.984881
5244.00 0.986056
5245.00 0.991501
5246.00 0.993445
5247.00 0.988911
5248.00 0.982977
5249.00 0.980663
5250.00 0.983241
5251.00 0.990185
5252.00 0.998157
5253.00 1.001099
5254.00 0.996720
5255.00 0.990431
5256.00 0.989419
5257.00 0.994743
5258.00 1.001351
5259.00 1.002360
5260.00 0.993136
5261.00 0.974348
5262.00 0.950163
5263.00 0.924475
5264.00 0.902110
5265.00 0.891183
5266.00 0.897906
5267.00 0.918052
5268.00 0.937709
5269.00 0.946192
5270.00 0.946709
5271.00 0.948466
5272.00 0.951060
5273.00 0.944808
5274.00 0.925147
5275.00 0.903531
5276.00 0.901129
5277.00 0.923830
5278.00 0.951509
5279.00 0.964381
5280.00 0.965778
5281.00 0.969035
5282.00 0.976107
5283.00 0.979988
5284.00 0.980251
5285.00 0.984394
5286.00 0.995622
5287.00 1.008505
5288.00 1.017471
5289.00 1.022224
5290.00 1.023895
5291.00 1.022258
5292.00 1.018203
5293.00 1.014405
5294.00 1.011091
5295.00 1.002258
5296.00 0.980034
5297.00 0.947757
5298.00 0.925058
5299.00 0.929352
5300.00 0.954439
5301.00 0.978858
5302.00 0.990515
5303.00 0.992271
5304.00 0.989781
5305.00 0.984434
5306.00 0.977364
5307.00 0.973190
5308.00 0.975777
5309.00 0.983638
5310.00 0.991640
5311.00 0.995360
5312.00 0.992873
5313.00 0.985140
5314.00 0.975558
5315.00 0.965928
5316.00 0.956790
5317.00 0.953608
5318.00 0.962505
5319.00 0.980385
5320.00 0.997571
5321.00 1.007034
5322.00 1.007326
5323.00 1.000480
5324.00 0.990896
5325.00 0.983528
5326.00 0.976888
5327.00 0.962729
5328.00 0.941351
5329.00 0.930052
5330.00 0.943228
5331.00 0.971947
5332.00 0.995116
5333.00 1.002286
5334.00 0.997489
5335.00 0.988460
5336.00 0.978044
5337.00 0.963795
5338.00 0.945286
5339.00 0.930727
5340.00 0.932412
5341.00 0.953294
5342.00 0.981202
5343.00 0.999572
5344.00 1.000272
5345.00 0.986683
5346.00 0.970578
5347.00 0.963966
5348.00 0.969189
5349.00 0.980674
5350.00 0.994050
5351.00 1.006467
5352.00 1.014281
5353.00 1.016661
5354.00 1.017472
5355.00 1.020805
5356.00 1.026628
5357.00 1.031712
5358.00 1.033507
5359.00 1.032006
5360.00 1.027739
5361.00 1.020025
5362.00 1.009290
5363.00 0.998943
5364.00 0.992515
5365.00 0.989901
5366.00 0.987923
5367.00 0.982890
5368.00 0.972954
5369.00 0.960678
5370.00 0.953975
5371.00 0.960960
5372.00 0.980620
5373.00 1.002637
5374.00 1.017775
5375.00 1.024314
5376.00 1.024895
5377.00 1.021631
5378.00 1.015409
5379.00 1.007885
5380.00 1.001968
5381.00 0.998736
5382.00 0.996583
5383.00 0.995677
5384.00 0.998844
5385.00 1.004537
5386.00 1.006491
5387.00 1.003056
5388.00 0.998246
5389.00 0.993688
5390.00 0.988750
5391.00 0.986050
5392.00 0.988791
5393.00 0.994904
5394.00 0.998430
5395.00 0.994797
5396.00 0.985323
5397.00 0.977446
5398.00 0.976990
5399.00 0.981031
5400.00 0.982907
5401.00 0.981481
5402.00 0.978916
5403.00 0.974185
5404.00 0.967205
5405.00 0.963496
5406.00 0.966915
5407.00 0.972709
5408.00 0.973118
5409.00 0.966891
5410.00 0.961338
5411.00 0.964991
5412.00 0.976586
5413.00 0.985104
5414.00 0.984377
5415.00 0.981621
5416.00 0.986464
5417.00 0.996882
5418.00 1.003183
5419.00 1.001160
5420.00 0.994819
5421.00 0.989657
5422.00 0.986909
5423.00 0.983898
5424.00 0.980944
5425.00 0.983596
5426.00 0.992984
5427.00 1.001063
5428.00 1.000449
5429.00 0.993590
5430.00 0.989346
5431.00 0.992028
5432.00 0.996913
5433.00 0.998862
5434.00 0.999610
5435.00 1.003014
5436.00 1.009283
5437.00 1.016117
5438.00 1.021502
5439.00 1.024224
5440.00 1.024038
5441.00 1.021452
5442.00 1.016688
5443.00 1.009347
5444.00 0.999202
5445.00 0.988396
5446.00 0.982603
5447.00 0.986873
5448.00 0.999657
5449.00 1.013365
5450.00 1.021809
5451.00 1.024626
5452.00 1.023604
5453.00 1.017866
5454.00 1.005411
5455.00 0.990112
5456.00 0.982976
5457.00 0.990485
5458.00 1.005838
5459.00 1.017883
5460.00 1.021821
5461.00 1.017679
5462.00 1.007098
5463.00 0.995186
5464.00 0.988757
5465.00 0.988945
5466.00 0.991926
5467.00 0.996961
5468.00 1.005257
5469.00 1.013777
5470.00 1.017739
5471.00 1.015481
5472.00 1.008580
5473.00 1.000846
5474.00 0.995102
5475.00 0.988907
5476.00 0.978610
5477.00 0.967791
5478.00 0.964311
5479.00 0.969644
5480.00 0.977666
5481.00 0.984163
5482.00 0.991333
5483.00 1.001187
5484.00 1.010597
5485.00 1.014346
5486.00 1.009926
5487.00 1.000684
5488.00 0.994474
5489.00 0.996085
5490.00 1.001905
5491.00 1.005148
5492.00 1.003773
5493.00 1.001402
5494.00 1.002292
5495.00 1.006052
5496.00 1.008080
5497.00 1.006367
5498.00 1.004912
5499.00 1.006435
5500.00 1.005589
5501.00 0.995691
5502.00 0.979996
5503.00 0.970183
5504.00 0.972718
5505.00 0.981520
5506.00 0.987045
5507.00 0.987182
5508.00 0.985011
5509.00 0.982320
5510.00 0.979992
5511.00 0.980231
5512.00 0.985158
5513.00 0.994496
5514.00 1.006059
5515.00 1.016932
5516.00 1.024549
5517.00 1.028306
5518.00 1.029233
5519.00 1.028542
5520.00 1.027195
5521.00 1.026291
5522.00 1.026566
5523.00 1.027222
5524.00 1.026012
5525.00 1.021783
5526.00 1.015503
5527.00 1.007865
5528.00 1.000029
5529.00 0.996837
5530.00 1.002114
5531.00 1.012052
5532.00 1.019217
5533.00 1.019692
5534.00 1.014869
5535.00 1.010613
5536.00 1.012898
5537.00 1.021033
5538.00 1.028853
5539.00 1.032478
5540.00 1.032039
5541.00 1.027934
5542.00 1.019830
5543.00 1.009529
5544.00 1.002133
5545.00 1.001806
5546.00 1.007260
5547.00 1.013706
5548.00 1.018145
5549.00 1.021061
5550.00 1.023967
5551.00 1.026716
5552.00 1.027581
5553.00 1.025726
5554.00 1.022973
5555.00 1.022528
5556.00 1.025362
5557.00 1.028810
5558.00 1.029862
5559.00 1.028199
5560.00 1.025107
5561.00 1.021512
5562.00 1.017588
5563.00 1.013677
5564.00 1.010880
5565.00 1.010057
5566.00 1.010836
5567.00 1.011638
5568.00 1.010765
5569.00 1.008874
5570.00 1.008722
5571.00 1.010331
5572.00 1.010542
5573.00 1.009268
5574.00 1.009913
5575.00 1.012813
5576.00 1.015376
5577.00 1.017138
5578.00 1.019200
5579.00 1.021202
5580.00 1.021215
5581.00 1.018051
5582.00 1.013898
5583.00 1.012385
5584.00 1.012671
5585.00 1.008905
5586.00 0.997796
5587.00 0.984403
5588.00 0.977405
5589.00 0.980318
5590.00 0.990062
5591.00 1.000890
5592.00 1.007420
5593.00 1.007308
5594.00 1.003693
5595.00 1.002829
5596.00 1.005761
5597.00 1.006513
5598.00 1.002121
5599.00 0.997592
