-765.427552 1.223091e-01
-763.427552 1.222973e-01
-761.427552 1.222856e-01
-759.427552 1.222730e-01
-757.427552 1.222612e-01
-755.427552 1.222493e-01
-753.427552 1.222366e-01
-751.427552 1.222247e-01
-749.427552 1.222127e-01
-747.427552 1.222000e-01
-745.427552 1.221880e-01
-743.427552 1.221759e-01
-741.427552 1.221631e-01
-739.427552 1.221510e-01
-737.427552 1.221389e-01
-735.427552 1.221259e-01
-733.427552 1.221137e-01
-731.427552 1.221015e-01
-729.427552 1.220885e-01
-727.427552 1.220762e-01
-725.427552 1.220639e-01
-723.427552 1.220509e-01
-721.427552 1.220385e-01
-719.427552 1.220261e-01
-717.427552 1.220129e-01
-715.427552 1.220005e-01
-713.427552 1.219880e-01
-711.427552 1.219748e-01
-709.427552 1.219622e-01
-707.427552 1.219497e-01
-705.427552 1.219363e-01
-703.427552 1.219237e-01
-701.427552 1.219111e-01
-699.427552 1.218977e-01
-697.427552 1.218851e-01
-695.427552 1.218724e-01
-693.427552 1.218590e-01
-691.427552 1.218462e-01
-689.427552 1.218335e-01
-687.427552 1.218200e-01
-685.427552 1.218072e-01
-683.427552 1.217944e-01
-681.427552 1.217808e-01
-679.427552 1.217680e-01
-677.427552 1.217551e-01
-675.427552 1.217415e-01
-673.427552 1.217286e-01
-671.427552 1.217157e-01
-669.427552 1.217020e-01
-667.427552 1.216890e-01
-665.427552 1.216760e-01
-663.427552 1.216623e-01
-661.427552 1.216492e-01
-659.427552 1.216362e-01
-657.427552 1.216224e-01
-655.427552 1.216093e-01
-653.427552 1.215962e-01
-651.427552 1.215823e-01
-649.427552 1.215692e-01
-647.427552 1.215560e-01
-645.427552 1.215421e-01
-643.427552 1.215290e-01
-641.427552 1.215158e-01
-639.427552 1.215018e-01
-637.427552 1.214886e-01
-635.427552 1.214754e-01
-633.427552 1.214614e-01
-631.427552 1.214482e-01
-629.427552 1.214349e-01
-627.427552 1.214209e-01
-625.427552 1.214077e-01
-623.427552 1.213944e-01
-621.427552 1.213803e-01
-619.427552 1.213670e-01
-617.427552 1.213537e-01
-615.427552 1.213396e-01
-613.427552 1.213263e-01
-611.427552 1.213130e-01
-609.427552 1.212989e-01
-607.427552 1.212855e-01
-605.427552 1.212722e-01
-603.427552 1.212580e-01
-601.427552 1.212446e-01
-599.427552 1.212313e-01
-597.427552 1.212171e-01
-595.427552 1.212037e-01
-593.427552 1.211903e-01
-591.427552 1.211761e-01
-589.427552 1.211626e-01
-587.427552 1.211492e-01
-585.427552 1.211350e-01
-583.427552 1.211215e-01
-581.427552 1.211081e-01
-579.427552 1.210938e-01
-577.427552 1.210803e-01
-575.427552 1.210669e-01
-573.427552 1.210526e-01
-571.427552 1.210391e-01
-569.427552 1.210256e-01
-567.427552 1.210113e-01
-565.427552 1.209978e-01
-563.427552 1.209843e-01
-561.427552 1.209708e-01
-559.427552 1.209565e-01
-557.427552 1.209430e-01
-555.427552 1.209295e-01
-553.427552 1.209151e-01
-551.427552 1.209016e-01
-549.427552 1.208881e-01
-547.427552 1.208738e-01
-545.427552 1.208603e-01
-543.427552 1.208467e-01
-541.427552 1.208324e-01
-539.427552 1.208189e-01
-537.427552 1.208053e-01
-535.427552 1.207910e-01
-533.427552 1.207774e-01
-531.427552 1.207639e-01
-529.427552 1.207495e-01
-527.427552 1.207360e-01
-525.427552 1.207224e-01
-523.427552 1.207080e-01
-521.427552 1.206945e-01
-519.427552 1.206809e-01
-517.427552 1.206665e-01
-515.427552 1.206530e-01
-513.427552 1.206394e-01
-511.427552 1.206250e-01
-509.427552 1.206115e-01
-507.427552 1.205979e-01
-505.427552 1.205835e-01
-503.427552 1.205700e-01
-501.427552 1.205564e-01
-499.427552 1.205420e-01
-497.427552 1.205285e-01
-495.427552 1.205150e-01
-493.427552 1.205006e-01
-491.427552 1.204871e-01
-489.427552 1.204735e-01
-487.427552 1.204592e-01
-485.427552 1.204457e-01
-483.427552 1.204322e-01
-481.427552 1.204179e-01
-479.427552 1.204043e-01
-477.427552 1.203909e-01
-475.427552 1.203766e-01
-473.427552 1.203631e-01
-471.427552 1.203496e-01
-469.427552 1.203353e-01
-467.427552 1.203219e-01
-465.427552 1.203084e-01
-463.427552 1.202942e-01
-461.427552 1.202807e-01
-459.427552 1.202673e-01
-457.427552 1.202531e-01
-455.427552 1.202397e-01
-453.427552 1.202263e-01
-451.427552 1.202122e-01
-449.427552 1.201988e-01
-447.427552 1.201855e-01
-445.427552 1.201713e-01
-443.427552 1.201580e-01
-441.427552 1.201447e-01
-439.427552 1.201306e-01
-437.427552 1.201174e-01
-435.427552 1.201041e-01
-433.427552 1.200901e-01
-431.427552 1.200769e-01
-429.427552 1.200637e-01
-427.427552 1.200497e-01
-425.427552 1.200366e-01
-423.427552 1.200234e-01
-421.427552 1.200095e-01
-419.427552 1.199965e-01
-417.427552 1.199834e-01
-415.427552 1.199696e-01
-413.427552 1.199566e-01
-411.427552 1.199436e-01
-409.427552 1.199299e-01
-407.427552 1.199170e-01
-405.427552 1.199041e-01
-403.427552 1.198904e-01
-401.427552 1.198776e-01
-399.427552 1.198648e-01
-397.427552 1.198513e-01
-395.427552 1.198385e-01
-393.427552 1.198258e-01
-391.427552 1.198124e-01
-389.427552 1.197998e-01
-387.427552 1.197872e-01
-385.427552 1.197738e-01
-383.427552 1.197613e-01
-381.427552 1.197489e-01
-379.427552 1.197341e-01
-377.427552 1.197185e-01
-375.427552 1.197030e-01
-373.427552 1.196876e-01
-371.427552 1.196721e-01
-369.427552 1.196568e-01
-367.427552 1.196414e-01
-365.427552 1.196261e-01
-363.427552 1.196109e-01
-361.427552 1.195957e-01
-359.427552 1.195806e-01
-357.427552 1.195655e-01
-355.427552 1.195504e-01
-353.427552 1.195355e-01
-351.427552 1.195205e-01
-349.427552 1.195056e-01
-347.427552 1.194908e-01
-345.427552 1.194760e-01
-343.427552 1.194613e-01
-341.427552 1.194466e-01
-339.427552 1.194320e-01
-337.427552 1.194175e-01
-335.427552 1.194030e-01
-333.427552 1.193885e-01
-331.427552 1.193742e-01
-329.427552 1.193599e-01
-327.427552 1.193456e-01
-325.427552 1.193314e-01
-323.427552 1.193173e-01
-321.427552 1.193032e-01
-319.427552 1.192892e-01
-317.427552 1.192753e-01
-315.427552 1.192614e-01
-313.427552 1.192476e-01
-311.427552 1.192339e-01
-309.427552 1.192202e-01
-307.427552 1.192067e-01
-305.427552 1.191931e-01
-303.427552 1.191797e-01
-301.427552 1.191663e-01
-299.427552 1.191530e-01
-297.427552 1.191398e-01
-295.427552 1.191266e-01
-293.427552 1.191136e-01
-291.427552 1.191006e-01
-289.427552 1.190876e-01
-287.427552 1.190748e-01
-285.427552 1.190621e-01
-283.427552 1.190494e-01
-281.427552 1.190368e-01
-279.427552 1.190243e-01
-277.427552 1.190118e-01
-275.427552 1.189995e-01
-273.427552 1.189872e-01
-271.427552 1.189751e-01
-269.427552 1.189630e-01
-267.427552 1.189510e-01
-265.427552 1.189390e-01
-263.427552 1.189272e-01
-261.427552 1.189155e-01
-259.427552 1.189038e-01
-257.427552 1.188923e-01
-255.427552 1.188808e-01
-253.427552 1.188694e-01
-251.427552 1.188581e-01
-249.427552 1.188469e-01
-247.427552 1.188358e-01
-245.427552 1.188248e-01
-243.427552 1.188139e-01
-241.427552 1.188031e-01
-239.427552 1.187924e-01
-237.427552 1.187818e-01
-235.427552 1.187713e-01
-233.427552 1.187609e-01
-231.427552 1.187505e-01
-229.427552 1.187403e-01
-227.427552 1.187302e-01
-225.427552 1.187202e-01
-223.427552 1.187103e-01
-221.427552 1.187005e-01
-219.427552 1.186908e-01
-217.427552 1.186812e-01
-215.427552 1.186717e-01
-213.427552 1.186623e-01
-211.427552 1.186530e-01
-209.427552 1.186439e-01
-207.427552 1.186348e-01
-205.427552 1.186259e-01
-203.427552 1.186170e-01
-201.427552 1.186083e-01
-199.427552 1.185997e-01
-197.427552 1.185912e-01
-195.427552 1.185828e-01
-193.427552 1.185745e-01
-191.427552 1.185664e-01
-189.427552 1.185583e-01
-187.427552 1.185504e-01
-185.427552 1.185426e-01
-183.427552 1.185349e-01
-181.427552 1.185273e-01
-179.427552 1.185199e-01
-177.427552 1.185125e-01
-175.427552 1.185053e-01
-173.427552 1.184982e-01
-171.427552 1.184912e-01
-169.427552 1.184844e-01
-167.427552 1.184776e-01
-165.427552 1.184710e-01
-163.427552 1.184645e-01
-161.427552 1.184582e-01
-159.427552 1.184519e-01
-157.427552 1.184458e-01
-155.427552 1.184398e-01
-153.427552 1.184340e-01
-151.427552 1.184282e-01
-149.427552 1.184226e-01
-147.427552 1.184171e-01
-145.427552 1.184118e-01
-143.427552 1.184066e-01
-141.427552 1.184015e-01
-139.427552 1.183965e-01
-137.427552 1.183917e-01
-135.427552 1.183870e-01
-133.427552 1.183824e-01
-131.427552 1.183780e-01
-129.427552 1.183737e-01
-127.427552 1.183695e-01
-125.427552 1.183655e-01
-123.427552 1.183616e-01
-121.427552 1.183578e-01
-119.427552 1.183541e-01
-117.427552 1.183506e-01
-115.427552 1.183473e-01
-113.427552 1.183440e-01
-111.427552 1.183409e-01
-109.427552 1.183380e-01
-107.427552 1.183352e-01
-105.427552 1.183325e-01
-103.427552 1.183299e-01
-101.427552 1.183275e-01
-99.427552 1.183252e-01
-97.427552 1.183231e-01
-95.427552 1.183211e-01
-93.427552 1.183192e-01
-91.427552 1.183175e-01
-89.427552 1.183159e-01
-87.427552 1.183145e-01
-85.427552 1.183132e-01
-83.427552 1.183120e-01
-81.427552 1.183110e-01
-79.427552 1.183101e-01
-77.427552 1.183094e-01
-75.427552 1.183088e-01
-73.427552 1.183083e-01
-71.427552 1.183080e-01
-69.427552 1.183078e-01
-67.427552 1.183078e-01
-65.427552 1.183079e-01
-63.427552 1.183082e-01
-61.427552 1.183085e-01
-59.427552 1.183091e-01
-57.427552 1.183098e-01
-55.427552 1.183106e-01
-53.427552 1.183115e-01
-51.427552 1.183126e-01
-49.427552 1.183139e-01
-47.427552 1.183153e-01
-45.427552 1.183168e-01
-43.427552 1.183184e-01
-41.427552 1.183203e-01
-39.427552 1.183222e-01
-37.427552 1.183243e-01
-35.427552 1.183265e-01
-33.427552 1.183289e-01
-31.427552 1.183314e-01
-29.427552 1.183341e-01
-27.427552 1.183369e-01
-25.427552 1.183399e-01
-23.427552 1.183429e-01
-21.427552 1.183462e-01
-19.427552 1.183496e-01
-17.427552 1.183531e-01
-15.427552 1.183567e-01
-13.427552 1.183605e-01
-11.427552 1.183645e-01
-9.427552 1.183686e-01
-7.427552 1.183728e-01
-5.427552 1.183772e-01
-3.427552 1.183817e-01
-1.427552 1.183863e-01
0.572448 1.183911e-01
2.572448 1.183961e-01
4.572448 1.184012e-01
6.572448 1.184064e-01
8.572448 1.184118e-01
10.572448 1.184173e-01
12.572448 1.184229e-01
14.572448 1.184287e-01
16.572448 1.184346e-01
18.572448 1.184407e-01
20.572448 1.184469e-01
22.572448 1.184532e-01
24.572448 1.184597e-01
26.572448 1.184663e-01
28.572448 1.184731e-01
30.572448 1.184800e-01
32.572448 1.184870e-01
34.572448 1.184942e-01
36.572448 1.185015e-01
38.572448 1.185089e-01
40.572448 1.185165e-01
42.572448 1.185242e-01
44.572448 1.185321e-01
46.572448 1.185401e-01
48.572448 1.185482e-01
50.572448 1.185564e-01
52.572448 1.185648e-01
54.572448 1.185734e-01
56.572448 1.185820e-01
58.572448 1.185908e-01
60.572448 1.185997e-01
62.572448 1.186088e-01
64.572448 1.186180e-01
66.572448 1.186273e-01
68.572448 1.186368e-01
70.572448 1.186464e-01
72.572448 1.186561e-01
74.572448 1.186659e-01
76.572448 1.186759e-01
78.572448 1.186860e-01
80.572448 1.186962e-01
82.572448 1.187066e-01
84.572448 1.187171e-01
86.572448 1.187277e-01
88.572448 1.187384e-01
90.572448 1.187492e-01
92.572448 1.187602e-01
94.572448 1.187713e-01
96.572448 1.187825e-01
98.572448 1.187938e-01
100.572448 1.188053e-01
102.572448 1.188168e-01
104.572448 1.188285e-01
106.572448 1.188403e-01
108.572448 1.188523e-01
110.572448 1.188643e-01
112.572448 1.188765e-01
114.572448 1.188887e-01
116.572448 1.189011e-01
118.572448 1.189136e-01
120.572448 1.189262e-01
122.572448 1.189390e-01
124.572448 1.189518e-01
126.572448 1.189648e-01
128.572448 1.189778e-01
130.572448 1.189910e-01
132.572448 1.190043e-01
134.572448 1.190177e-01
136.572448 1.190312e-01
138.572448 1.190449e-01
140.572448 1.190586e-01
142.572448 1.190724e-01
144.572448 1.190864e-01
146.572448 1.191004e-01
148.572448 1.191146e-01
150.572448 1.191289e-01
152.572448 1.191432e-01
154.572448 1.191577e-01
156.572448 1.191723e-01
158.572448 1.191870e-01
160.572448 1.192017e-01
162.572448 1.192166e-01
164.572448 1.192316e-01
166.572448 1.192467e-01
168.572448 1.192619e-01
170.572448 1.192772e-01
172.572448 1.192926e-01
174.572448 1.193081e-01
176.572448 1.193236e-01
178.572448 1.193393e-01
180.572448 1.193551e-01
182.572448 1.193710e-01
184.572448 1.193869e-01
186.572448 1.194030e-01
188.572448 1.194192e-01
190.572448 1.194354e-01
192.572448 1.194517e-01
194.572448 1.194682e-01
196.572448 1.194847e-01
198.572448 1.195013e-01
200.572448 1.195180e-01
202.572448 1.195348e-01
204.572448 1.195517e-01
206.572448 1.195687e-01
208.572448 1.195857e-01
210.572448 1.196029e-01
212.572448 1.196201e-01
214.572448 1.196375e-01
216.572448 1.196549e-01
218.572448 1.196723e-01
220.572448 1.196899e-01
222.572448 1.197076e-01
224.572448 1.197253e-01
226.572448 1.197431e-01
228.572448 1.197611e-01
230.572448 1.197790e-01
232.572448 1.197971e-01
234.572448 1.198153e-01
236.572448 1.198335e-01
238.572448 1.198518e-01
240.572448 1.198702e-01
242.572448 1.198886e-01
244.572448 1.199072e-01
246.572448 1.199258e-01
248.572448 1.199445e-01
250.572448 1.199632e-01
252.572448 1.199821e-01
254.572448 1.200010e-01
256.572448 1.200200e-01
258.572448 1.200391e-01
260.572448 1.200582e-01
262.572448 1.200774e-01
264.572448 1.200967e-01
266.572448 1.201160e-01
268.572448 1.201354e-01
270.572448 1.201549e-01
272.572448 1.201745e-01
274.572448 1.201941e-01
276.572448 1.202138e-01
278.572448 1.202335e-01
280.572448 1.202533e-01
282.572448 1.202732e-01
284.572448 1.202932e-01
286.572448 1.203132e-01
288.572448 1.203333e-01
290.572448 1.203534e-01
292.572448 1.203737e-01
294.572448 1.203939e-01
296.572448 1.204143e-01
298.572448 1.204347e-01
300.572448 1.204551e-01
302.572448 1.204756e-01
304.572448 1.204962e-01
306.572448 1.205168e-01
308.572448 1.205375e-01
310.572448 1.205583e-01
312.572448 1.205791e-01
314.572448 1.206000e-01
316.572448 1.206209e-01
318.572448 1.206419e-01
320.572448 1.206629e-01
322.572448 1.206840e-01
324.572448 1.207051e-01
326.572448 1.207263e-01
328.572448 1.207475e-01
330.572448 1.207688e-01
332.572448 1.207902e-01
334.572448 1.208116e-01
336.572448 1.208330e-01
338.572448 1.208545e-01
340.572448 1.208761e-01
342.572448 1.208976e-01
344.572448 1.209193e-01
346.572448 1.209410e-01
348.572448 1.209627e-01
350.572448 1.209845e-01
352.572448 1.210063e-01
354.572448 1.210282e-01
356.572448 1.210501e-01
358.572448 1.210721e-01
360.572448 1.210941e-01
362.572448 1.211162e-01
364.572448 1.211383e-01
366.572448 1.211604e-01
368.572448 1.211826e-01
370.572448 1.212048e-01
372.572448 1.212271e-01
374.572448 1.212494e-01
376.572448 1.212718e-01
378.572448 1.212942e-01
380.572448 1.213166e-01
382.572448 1.213391e-01
384.572448 1.213616e-01
386.572448 1.213841e-01
388.572448 1.214067e-01
390.572448 1.214294e-01
392.572448 1.214520e-01
394.572448 1.214747e-01
396.572448 1.214975e-01
398.572448 1.215203e-01
400.572448 1.215431e-01
402.572448 1.215659e-01
404.572448 1.215888e-01
406.572448 1.216117e-01
408.572448 1.216347e-01
410.572448 1.216577e-01
412.572448 1.216807e-01
414.572448 1.217037e-01
416.572448 1.217268e-01
418.572448 1.217500e-01
420.572448 1.217731e-01
422.572448 1.217963e-01
424.572448 1.218195e-01
426.572448 1.218427e-01
428.572448 1.218660e-01
430.572448 1.218893e-01
432.572448 1.219127e-01
434.572448 1.219360e-01
436.572448 1.219594e-01
438.572448 1.219828e-01
440.572448 1.220063e-01
442.572448 1.220297e-01
444.572448 1.220533e-01
446.572448 1.220768e-01
448.572448 1.221003e-01
450.572448 1.221239e-01
452.572448 1.221475e-01
454.572448 1.221712e-01
456.572448 1.221948e-01
458.572448 1.222185e-01
460.572448 1.222422e-01
462.572448 1.222659e-01
464.572448 1.222897e-01
466.572448 1.223134e-01
468.572448 1.223372e-01
470.572448 1.223610e-01
472.572448 1.223849e-01
474.572448 1.224087e-01
476.572448 1.224326e-01
478.572448 1.224564e-01
480.572448 1.224803e-01
482.572448 1.225042e-01
484.572448 1.225281e-01
486.572448 1.225521e-01
488.572448 1.225760e-01
490.572448 1.226000e-01
492.572448 1.226240e-01
494.572448 1.226480e-01
496.572448 1.226720e-01
498.572448 1.226960e-01
500.572448 1.227200e-01
502.572448 1.227441e-01
504.572448 1.227681e-01
506.572448 1.227922e-01
508.572448 1.228163e-01
510.572448 1.228404e-01
512.572448 1.228645e-01
514.572448 1.228886e-01
516.572448 1.229127e-01
518.572448 1.229369e-01
520.572448 1.229610e-01
522.572448 1.229852e-01
524.572448 1.230094e-01
526.572448 1.230335e-01
528.572448 1.230577e-01
530.572448 1.230819e-01
532.572448 1.231061e-01
534.572448 1.231303e-01
536.572448 1.231546e-01
538.572448 1.231750e-01
540.572448 1.231939e-01
542.572448 1.232163e-01
544.572448 1.232331e-01
546.572448 1.232542e-01
548.572448 1.232735e-01
550.572448 1.232925e-01
552.572448 1.233153e-01
554.572448 1.233321e-01
556.572448 1.233533e-01
558.572448 1.233729e-01
560.572448 1.233919e-01
562.572448 1.234150e-01
564.572448 1.234318e-01
566.572448 1.234531e-01
568.572448 1.234730e-01
570.572448 1.234921e-01
572.572448 1.235154e-01
574.572448 1.235323e-01
576.572448 1.235536e-01
578.572448 1.235738e-01
580.572448 1.235929e-01
582.572448 1.236166e-01
584.572448 1.236335e-01
586.572448 1.236548e-01
588.572448 1.236753e-01
590.572448 1.236944e-01
592.572448 1.237184e-01
594.572448 1.237353e-01
596.572448 1.237566e-01
598.572448 1.237775e-01
600.572448 1.237966e-01
602.572448 1.238208e-01
604.572448 1.238378e-01
606.572448 1.238591e-01
608.572448 1.238802e-01
610.572448 1.238994e-01
612.572448 1.239239e-01
614.572448 1.239408e-01
616.572448 1.239621e-01
618.572448 1.239835e-01
620.572448 1.240027e-01
622.572448 1.240274e-01
624.572448 1.240444e-01
626.572448 1.240657e-01
628.572448 1.240873e-01
630.572448 1.241064e-01
632.572448 1.241314e-01
634.572448 1.241484e-01
636.572448 1.241696e-01
638.572448 1.241915e-01
640.572448 1.242106e-01
642.572448 1.242359e-01
644.572448 1.242527e-01
646.572448 1.242740e-01
648.572448 1.242961e-01
650.572448 1.243151e-01
652.572448 1.243406e-01
654.572448 1.243575e-01
656.572448 1.243787e-01
658.572448 1.244010e-01
660.572448 1.244200e-01
662.572448 1.244457e-01
664.572448 1.244625e-01
666.572448 1.244837e-01
668.572448 1.245063e-01
670.572448 1.245252e-01
672.572448 1.245511e-01
674.572448 1.245679e-01
676.572448 1.245890e-01
678.572448 1.246117e-01
680.572448 1.246306e-01
682.572448 1.246568e-01
684.572448 1.246734e-01
686.572448 1.246944e-01
688.572448 1.247174e-01
690.572448 1.247362e-01
692.572448 1.247626e-01
694.572448 1.247792e-01
696.572448 1.248001e-01
698.572448 1.248232e-01
700.572448 1.248419e-01
702.572448 1.248684e-01
704.572448 1.248849e-01
706.572448 1.249058e-01
708.572448 1.249291e-01
710.572448 1.249477e-01
712.572448 1.249743e-01
714.572448 1.249907e-01
716.572448 1.250114e-01
718.572448 1.250349e-01
720.572448 1.250534e-01
722.572448 1.250802e-01
724.572448 1.250964e-01
726.572448 1.251170e-01
728.572448 1.251406e-01
730.572448 1.251590e-01
732.572448 1.251817e-01
734.572448 1.252021e-01
736.572448 1.252226e-01
738.572448 1.252463e-01
740.572448 1.252645e-01
742.572448 1.252871e-01
744.572448 1.253076e-01
746.572448 1.253279e-01
748.572448 1.253518e-01
750.572448 1.253699e-01
752.572448 1.253923e-01
754.572448 1.254129e-01
756.572448 1.254331e-01
758.572448 1.254571e-01
760.572448 1.254750e-01
762.572448 1.254973e-01
764.572448 1.255180e-01
