3800.00 0.000000
3801.00 0.000000
3802.00 0.000000
3803.00 0.000000
3804.00 0.000000
3805.00 0.000000
3806.00 0.000000
3807.00 0.000000
3808.00 0.000000
3809.00 0.000000
3810.00 0.000000
3811.00 0.000000
3812.00 0.000000
3813.00 0.000000
3814.00 0.000000
3815.00 0.000000
3816.00 0.000000
3817.00 0.000000
3818.00 0.000000
3819.00 0.000000
3820.00 0.000000
3821.00 0.000000
3822.00 0.000000
3823.00 0.000000
3824.00 0.000000
3825.00 0.000000
3826.00 0.000000
3827.00 0.000000
3828.00 0.000000
3829.00 0.000000
3830.00 0.000000
3831.00 0.000000
3832.00 0.000000
3833.00 0.000000
3834.00 0.000000
3835.00 0.000000
3836.00 0.000000
3837.00 0.000000
3838.00 0.000000
3839.00 0.000000
3840.00 0.000000
3841.00 0.000000
3842.00 0.000000
3843.00 0.000000
3844.00 0.000000
3845.00 0.000030
3846.00 0.000616
3847.00 0.005337
3848.00 0.027488
3849.00 0.098833
3850.00 0.255430
3851.00 0.487259
3852.00 0.714513
3853.00 0.855846
3854.00 0.903165
3855.00 0.902944
3856.00 0.899180
3857.00 0.909424
3858.00 0.926270
3859.00 0.935307
3860.00 0.936873
3861.00 0.939337
3862.00 0.939823
3863.00 0.930988
3864.00 0.913715
3865.00 0.893427
3866.00 0.877531
3867.00 0.875088
3868.00 0.885376
3869.00 0.893976
3870.00 0.888746
3871.00 0.870924
3872.00 0.847895
3873.00 0.824992
3874.00 0.805729
3875.00 0.791069
3876.00 0.777195
3877.00 0.757030
3878.00 0.728700
3879.00 0.702466
3880.00 0.687612
3881.00 0.675080
3882.00 0.648790
3883.00 0.606661
3884.00 0.557153
3885.00 0.504984
3886.00 0.449789
3887.00 0.393645
3888.00 0.344496
3889.00 0.315591
3890.00 0.319984
3891.00 0.358924
3892.00 0.418236
3893.00 0.480193
3894.00 0.534796
3895.00 0.580947
3896.00 0.621914
3897.00 0.659619
3898.00 0.692548
3899.00 0.719782
3900.00 0.743535
3901.00 0.765656
3902.00 0.783198
3903.00 0.791653
3904.00 0.793905
3905.00 0.797603
3906.00 0.806436
3907.00 0.821090
3908.00 0.840629
3909.00 0.860875
3910.00 0.876432
3911.00 0.883821
3912.00 0.883506
3913.00 0.879728
3914.00 0.876298
3915.00 0.873328
3916.00 0.868401
3917.00 0.860729
3918.00 0.853075
3919.00 0.848749
3920.00 0.850893
3921.00 0.860213
3922.00 0.871969
3923.00 0.877488
3924.00 0.870025
3925.00 0.848417
3926.00 0.815780
3927.00 0.776166
3928.00 0.728896
3929.00 0.671172
3930.00 0.605016
3931.00 0.536836
3932.00 0.474050
3933.00 0.425943
3934.00 0.405261
3935.00 0.421511
3936.00 0.470715
3937.00 0.537501
3938.00 0.607730
3939.00 0.675322
3940.00 0.736195
3941.00 0.782826
3942.00 0.811251
3943.00 0.825554
3944.00 0.832846
3945.00 0.839590
3946.00 0.847863
3947.00 0.852584
3948.00 0.849241
3949.00 0.841433
3950.00 0.834066
3951.00 0.825261
3952.00 0.811955
3953.00 0.797145
3954.00 0.785030
3955.00 0.772476
3956.00 0.754646
3957.00 0.735257
3958.00 0.720949
3959.00 0.709447
3960.00 0.691926
3961.00 0.663435
3962.00 0.625960
3963.00 0.583784
3964.00 0.539676
3965.00 0.494784
3966.00 0.448198
3967.00 0.398097
3968.00 0.345591
3969.00 0.298175
3970.00 0.269134
3971.00 0.270374
3972.00 0.302231
3973.00 0.352213
3974.00 0.405827
3975.00 0.455514
3976.00 0.500159
3977.00 0.541925
3978.00 0.582749
3979.00 0.621472
3980.00 0.655743
3981.00 0.684761
3982.00 0.708243
3983.00 0.726811
3984.00 0.742411
3985.00 0.757421
3986.00 0.773719
3987.00 0.792819
3988.00 0.814225
3989.00 0.831618
3990.00 0.839468
3991.00 0.842620
3992.00 0.849905
3993.00 0.863242
3994.00 0.877718
3995.00 0.887805
3996.00 0.891230
3997.00 0.890442
3998.00 0.892243
3999.00 0.901503
4000.00 0.913845
4001.00 0.919349
4002.00 0.914414
4003.00 0.904320
4004.00 0.894838
4005.00 0.888320
4006.00 0.889134
4007.00 0.901217
4008.00 0.919757
4009.00 0.934089
4010.00 0.937515
4011.00 0.931381
4012.00 0.921339
4013.00 0.914268
4014.00 0.915328
4015.00 0.922909
4016.00 0.930073
4017.00 0.933111
4018.00 0.937149
4019.00 0.949084
4020.00 0.964484
4021.00 0.972049
4022.00 0.968844
4023.00 0.961126
4024.00 0.953708
4025.00 0.949079
4026.00 0.952428
4027.00 0.964208
4028.00 0.973289
4029.00 0.966924
4030.00 0.943846
4031.00 0.916781
4032.00 0.901672
4033.00 0.903461
4034.00 0.916882
4035.00 0.934182
4036.00 0.948423
4037.00 0.955720
4038.00 0.955269
4039.00 0.950625
4040.00 0.947814
4041.00 0.949969
4042.00 0.954646
4043.00 0.954416
4044.00 0.941309
4045.00 0.919140
4046.00 0.905434
4047.00 0.911230
4048.00 0.925888
4049.00 0.933328
4050.00 0.932299
4051.00 0.926746
4052.00 0.914632
4053.00 0.897251
4054.00 0.882601
4055.00 0.875867
4056.00 0.873886
4057.00 0.870851
4058.00 0.869123
4059.00 0.876317
4060.00 0.890123
4061.00 0.897809
4062.00 0.891580
4063.00 0.877162
4064.00 0.867357
4065.00 0.867952
4066.00 0.871629
4067.00 0.871500
4068.00 0.872737
4069.00 0.878993
4070.00 0.880816
4071.00 0.870583
4072.00 0.856043
4073.00 0.846145
4074.00 0.833024
4075.00 0.798572
4076.00 0.735655
4077.00 0.662134
4078.00 0.616469
4079.00 0.627041
4080.00 0.681032
4081.00 0.738203
4082.00 0.770905
4083.00 0.778024
4084.00 0.770551
4085.00 0.757466
4086.00 0.743694
4087.00 0.731222
4088.00 0.718703
4089.00 0.703732
4090.00 0.686634
4091.00 0.668971
4092.00 0.650257
4093.00 0.629086
4094.00 0.604635
4095.00 0.575436
4096.00 0.539935
4097.00 0.498042
4098.00 0.451332
4099.00 0.402302
4100.00 0.352817
4101.00 0.307295
4102.00 0.278602
4103.00 0.281324
4104.00 0.315539
4105.00 0.366356
4106.00 0.418784
4107.00 0.465380
4108.00 0.503529
4109.00 0.532196
4110.00 0.552444
4111.00 0.569317
4112.00 0.590968
4113.00 0.622617
4114.00 0.662163
4115.00 0.702085
4116.00 0.734384
4117.00 0.754570
4118.00 0.762960
4119.00 0.765005
4120.00 0.768567
4121.00 0.776819
4122.00 0.787333
4123.00 0.798824
4124.00 0.810930
4125.00 0.818232
4126.00 0.813281
4127.00 0.796606
4128.00 0.778190
4129.00 0.769057
4130.00 0.772223
4131.00 0.782601
4132.00 0.796038
4133.00 0.814610
4134.00 0.839659
4135.00 0.865552
4136.00 0.885176
4137.00 0.896386
4138.00 0.903173
4139.00 0.911649
4140.00 0.922746
4141.00 0.930629
4142.00 0.927944
4143.00 0.915164
4144.00 0.902021
4145.00 0.896072
4146.00 0.895658
4147.00 0.899574
4148.00 0.909751
4149.00 0.921118
4150.00 0.924291
4151.00 0.917571
4152.00 0.905713
4153.00 0.892645
4154.00 0.881344
4155.00 0.876234
4156.00 0.878818
4157.00 0.884290
4158.00 0.888252
4159.00 0.889136
4160.00 0.884931
4161.00 0.876287
4162.00 0.873133
4163.00 0.887063
4164.00 0.913539
4165.00 0.936769
4166.00 0.947331
4167.00 0.946771
4168.00 0.941822
4169.00 0.933839
4170.00 0.914335
4171.00 0.879403
4172.00 0.843261
4173.00 0.825660
4174.00 0.832789
4175.00 0.854211
4176.00 0.874051
4177.00 0.881071
4178.00 0.874612
4179.00 0.866393
4180.00 0.869455
4181.00 0.881433
4182.00 0.888696
4183.00 0.887505
4184.00 0.886153
4185.00 0.891186
4186.00 0.899605
4187.00 0.902152
4188.00 0.898069
4189.00 0.897576
4190.00 0.905387
4191.00 0.915738
4192.00 0.926383
4193.00 0.939340
4194.00 0.947845
4195.00 0.943199
4196.00 0.928722
4197.00 0.911470
4198.00 0.893890
4199.00 0.884368
4200.00 0.893125
4201.00 0.912444
4202.00 0.925170
4203.00 0.926024
4204.00 0.920127
4205.00 0.912955
4206.00 0.909436
4207.00 0.911330
4208.00 0.914434
4209.00 0.914872
4210.00 0.915525
4211.00 0.921583
4212.00 0.928037
4213.00 0.916921
4214.00 0.872549
4215.00 0.804361
4216.00 0.754388
4217.00 0.762490
4218.00 0.820526
4219.00 0.885040
4220.00 0.926900
4221.00 0.946405
4222.00 0.952644
4223.00 0.948815
4224.00 0.935004
4225.00 0.913788
4226.00 0.893815
4227.00 0.887660
4228.00 0.904898
4229.00 0.939456
4230.00 0.971027
4231.00 0.984314
4232.00 0.976207
4233.00 0.954956
4234.00 0.938955
4235.00 0.938805
4236.00 0.945622
4237.00 0.947813
4238.00 0.942049
4239.00 0.930943
4240.00 0.923678
4241.00 0.927591
4242.00 0.939213
4243.00 0.951513
4244.00 0.961564
4245.00 0.965538
4246.00 0.960429
4247.00 0.952640
4248.00 0.951432
4249.00 0.955411
4250.00 0.955537
4251.00 0.951120
4252.00 0.948527
4253.00 0.947636
4254.00 0.944854
4255.00 0.944026
4256.00 0.950479
4257.00 0.959562
4258.00 0.960555
4259.00 0.948890
4260.00 0.928383
4261.00 0.910384
4262.00 0.908537
4263.00 0.927069
4264.00 0.956359
4265.00 0.983430
4266.00 1.000272
4267.00 1.002782
4268.00 0.990870
4269.00 0.971292
4270.00 0.953901
4271.00 0.943061
4272.00 0.938195
4273.00 0.938623
4274.00 0.940670
4275.00 0.941369
4276.00 0.945491
4277.00 0.955988
4278.00 0.966049
4279.00 0.969741
4280.00 0.969053
4281.00 0.967115
4282.00 0.964056
4283.00 0.958725
4284.00 0.952989
4285.00 0.951115
4286.00 0.953672
4287.00 0.954290
4288.00 0.943606
4289.00 0.920191
4290.00 0.898054
4291.00 0.897244
4292.00 0.919078
4293.00 0.943060
4294.00 0.952387
4295.00 0.948581
4296.00 0.940045
4297.00 0.929711
4298.00 0.915096
4299.00 0.893723
4300.00 0.871009
4301.00 0.857618
4302.00 0.855799
4303.00 0.860062
4304.00 0.864722
4305.00 0.863234
4306.00 0.854702
4307.00 0.846898
4308.00 0.845608
4309.00 0.853991
4310.00 0.873865
4311.00 0.897054
4312.00 0.907662
4313.00 0.898784
4314.00 0.880917
4315.00 0.869163
4316.00 0.869426
4317.00 0.874794
4318.00 0.873533
4319.00 0.861766
4320.00 0.846350
4321.00 0.836257
4322.00 0.834079
4323.00 0.832662
4324.00 0.820584
4325.00 0.795385
4326.00 0.768939
4327.00 0.754424
4328.00 0.750260
4329.00 0.744335
4330.00 0.729163
4331.00 0.706324
4332.00 0.680239
4333.00 0.651981
4334.00 0.620110
4335.00 0.583102
4336.00 0.539308
4337.00 0.487900
4338.00 0.430985
4339.00 0.373875
4340.00 0.326236
4341.00 0.303769
4342.00 0.317507
4343.00 0.359607
4344.00 0.411540
4345.00 0.462685
4346.00 0.511600
4347.00 0.557361
4348.00 0.597952
4349.00 0.630928
4350.00 0.651647
4351.00 0.658592
4352.00 0.661877
4353.00 0.676793
4354.00 0.705901
4355.00 0.738274
4356.00 0.764811
4357.00 0.783928
4358.00 0.798182
4359.00 0.811607
4360.00 0.827066
4361.00 0.843693
4362.00 0.858170
4363.00 0.870453
4364.00 0.884591
4365.00 0.900269
4366.00 0.909542
4367.00 0.906578
4368.00 0.896614
4369.00 0.891527
4370.00 0.897464
4371.00 0.910620
4372.00 0.923342
4373.00 0.927929
4374.00 0.921700
4375.00 0.913935
4376.00 0.918241
4377.00 0.936464
4378.00 0.959392
4379.00 0.977367
4380.00 0.985022
4381.00 0.981404
4382.00 0.967767
4383.00 0.944819
4384.00 0.919367
4385.00 0.905800
4386.00 0.910722
4387.00 0.924902
4388.00 0.937379
4389.00 0.946393
4390.00 0.952716
4391.00 0.956211
4392.00 0.959726
4393.00 0.962799
4394.00 0.959792
4395.00 0.952844
4396.00 0.953815
4397.00 0.966854
4398.00 0.981071
4399.00 0.985298
4400.00 0.980028
4401.00 0.973138
4402.00 0.969431
4403.00 0.966151
4404.00 0.961653
4405.00 0.961384
4406.00 0.968588
4407.00 0.976429
4408.00 0.977806
4409.00 0.974980
4410.00 0.973357
4411.00 0.973677
4412.00 0.973804
4413.00 0.969937
4414.00 0.958998
4415.00 0.945586
4416.00 0.938986
4417.00 0.940803
4418.00 0.947258
4419.00 0.957839
4420.00 0.968774
4421.00 0.967748
4422.00 0.947679
4423.00 0.921537
4424.00 0.912812
4425.00 0.928176
4426.00 0.952138
4427.00 0.968534
4428.00 0.972839
4429.00 0.966946
4430.00 0.954002
4431.00 0.941492
4432.00 0.936502
4433.00 0.935763
4434.00 0.932722
4435.00 0.930054
4436.00 0.937533
4437.00 0.958701
4438.00 0.984084
4439.00 1.001057
4440.00 1.004104
4441.00 0.994376
4442.00 0.976463
4443.00 0.958366
4444.00 0.950424
4445.00 0.958206
4446.00 0.974631
4447.00 0.986341
4448.00 0.988830
4449.00 0.986279
4450.00 0.982344
4451.00 0.980651
4452.00 0.983627
4453.00 0.983876
4454.00 0.970116
4455.00 0.945404
4456.00 0.927052
4457.00 0.924632
4458.00 0.930810
4459.00 0.936672
4460.00 0.941766
4461.00 0.946999
4462.00 0.952456
4463.00 0.959158
4464.00 0.962330
4465.00 0.956403
4466.00 0.947441
4467.00 0.944379
4468.00 0.946237
4469.00 0.949412
4470.00 0.956069
4471.00 0.966323
4472.00 0.974308
4473.00 0.976498
4474.00 0.974449
4475.00 0.971054
4476.00 0.970545
4477.00 0.977054
4478.00 0.985315
4479.00 0.979117
4480.00 0.948010
4481.00 0.905621
4482.00 0.885100
4483.00 0.904888
4484.00 0.947253
4485.00 0.982642
4486.00 0.997231
4487.00 0.989903
4488.00 0.964647
4489.00 0.934471
4490.00 0.917627
4491.00 0.921096
4492.00 0.937279
4493.00 0.955427
4494.00 0.968071
4495.00 0.973786
4496.00 0.977769
4497.00 0.983980
4498.00 0.989619
4499.00 0.987950
4500.00 0.976618
4501.00 0.963247
4502.00 0.960681
4503.00 0.972955
4504.00 0.989931
4505.00 0.999723
4506.00 0.997887
4507.00 0.986305
4508.00 0.973624
4509.00 0.970924
4510.00 0.978740
4511.00 0.986355
4512.00 0.986636
4513.00 0.981568
4514.00 0.972781
4515.00 0.961384
4516.00 0.956124
4517.00 0.964471
4518.00 0.979151
4519.00 0.987085
4520.00 0.984433
4521.00 0.976582
4522.00 0.969259
4523.00 0.963928
4524.00 0.958604
4525.00 0.948226
4526.00 0.932124
4527.00 0.919515
4528.00 0.918417
4529.00 0.924774
4530.00 0.930892
4531.00 0.936876
4532.00 0.944108
4533.00 0.946951
4534.00 0.942192
4535.00 0.940000
4536.00 0.952314
4537.00 0.975949
4538.00 0.993237
4539.00 0.988887
4540.00 0.966907
4541.00 0.947907
4542.00 0.947455
4543.00 0.959836
4544.00 0.967500
4545.00 0.963805
4546.00 0.958886
4547.00 0.960828
4548.00 0.960602
4549.00 0.947245
4550.00 0.932265
4551.00 0.937197
4552.00 0.959436
4553.00 0.975313
4554.00 0.970019
4555.00 0.949812
4556.00 0.932728
4557.00 0.928844
4558.00 0.932004
4559.00 0.937698
4560.00 0.953053
4561.00 0.976598
4562.00 0.991808
4563.00 0.987332
4564.00 0.968940
4565.00 0.953151
4566.00 0.952595
4567.00 0.967266
4568.00 0.985693
4569.00 0.994698
4570.00 0.989577
4571.00 0.975145
4572.00 0.962674
4573.00 0.964136
4574.00 0.979206
4575.00 0.994293
4576.00 0.999868
4577.00 0.997676
4578.00 0.991112
4579.00 0.979722
4580.00 0.964669
4581.00 0.950426
4582.00 0.938995
4583.00 0.928993
4584.00 0.921444
4585.00 0.920762
4586.00 0.925694
4587.00 0.928772
4588.00 0.927097
4589.00 0.926833
4590.00 0.932057
4591.00 0.937866
4592.00 0.941665
4593.00 0.949343
4594.00 0.962403
4595.00 0.972633
4596.00 0.975707
4597.00 0.976704
4598.00 0.978492
4599.00 0.978006
4600.00 0.973319
4601.00 0.968193
4602.00 0.969722
4603.00 0.979061
4604.00 0.989145
4605.00 0.994398
4606.00 0.996451
4607.00 0.999132
4608.00 1.003706
4609.00 1.008638
4610.00 1.010000
4611.00 1.005140
4612.00 0.996147
4613.00 0.987229
4614.00 0.980138
4615.00 0.972660
4616.00 0.962402
4617.00 0.952056
4618.00 0.945350
4619.00 0.941359
4620.00 0.941012
4621.00 0.946483
4622.00 0.955303
4623.00 0.965724
4624.00 0.975844
4625.00 0.979696
4626.00 0.976607
4627.00 0.974573
4628.00 0.976743
4629.00 0.978924
4630.00 0.981059
4631.00 0.985735
4632.00 0.987923
4633.00 0.980549
4634.00 0.966616
4635.00 0.957817
4636.00 0.960130
4637.00 0.966706
4638.00 0.969589
4639.00 0.969263
4640.00 0.968505
4641.00 0.968355
4642.00 0.970237
4643.00 0.973769
4644.00 0.974321
4645.00 0.965881
4646.00 0.947091
4647.00 0.926674
4648.00 0.918188
4649.00 0.925895
4650.00 0.942253
4651.00 0.957050
4652.00 0.965605
4653.00 0.969784
4654.00 0.971331
4655.00 0.970552
4656.00 0.970026
4657.00 0.973374
4658.00 0.983239
4659.00 0.997980
4660.00 1.009898
4661.00 1.011703
4662.00 1.001610
4663.00 0.982490
4664.00 0.960186
4665.00 0.940149
4666.00 0.923464
4667.00 0.912423
4668.00 0.913401
4669.00 0.926517
4670.00 0.943244
4671.00 0.955790
4672.00 0.961348
4673.00 0.962994
4674.00 0.968342
4675.00 0.980322
4676.00 0.992353
4677.00 0.996036
4678.00 0.990079
4679.00 0.981587
4680.00 0.978638
4681.00 0.982284
4682.00 0.988694
4683.00 0.994071
4684.00 0.995667
4685.00 0.994371
4686.00 0.994705
4687.00 0.997496
4688.00 0.997540
4689.00 0.992279
4690.00 0.985651
4691.00 0.981690
4692.00 0.980580
4693.00 0.981247
4694.00 0.983193
4695.00 0.985441
4696.00 0.984500
4697.00 0.974954
4698.00 0.956864
4699.00 0.940268
4700.00 0.936318
4701.00 0.944023
4702.00 0.952895
4703.00 0.957963
4704.00 0.964066
4705.00 0.973577
4706.00 0.979964
4707.00 0.977138
4708.00 0.968763
4709.00 0.964964
4710.00 0.970926
4711.00 0.981760
4712.00 0.988867
4713.00 0.988254
4714.00 0.983652
4715.00 0.982861
4716.00 0.988606
4717.00 0.995091
4718.00 0.997370
4719.00 0.998410
4720.00 1.001935
4721.00 1.005117
4722.00 1.003389
4723.00 0.997959
4724.00 0.995653
4725.00 0.999867
4726.00 1.004113
4727.00 1.000820
4728.00 0.991536
4729.00 0.981708
4730.00 0.973541
4731.00 0.970397
4732.00 0.977767
4733.00 0.993618
4734.00 1.007403
4735.00 1.010486
4736.00 1.001822
4737.00 0.988192
4738.00 0.981607
4739.00 0.987019
4740.00 0.995618
4741.00 0.997837
4742.00 0.994970
4743.00 0.992710
4744.00 0.991912
4745.00 0.990914
4746.00 0.989830
4747.00 0.988301
4748.00 0.985736
4749.00 0.985565
4750.00 0.989900
4751.00 0.993737
4752.00 0.992414
4753.00 0.988550
4754.00 0.985446
4755.00 0.981853
4756.00 0.978008
4757.00 0.979117
4758.00 0.987833
4759.00 0.998871
4760.00 1.004025
4761.00 0.999795
4762.00 0.989144
4763.00 0.976835
4764.00 0.964752
4765.00 0.954707
4766.00 0.951283
4767.00 0.956571
4768.00 0.967348
4769.00 0.978400
4770.00 0.984781
4771.00 0.984972
4772.00 0.984367
4773.00 0.989371
4774.00 0.998018
4775.00 1.003654
4776.00 1.005261
4777.00 1.007123
4778.00 1.009818
4779.00 1.009863
4780.00 1.007722
4781.00 1.007029
4782.00 1.006665
4783.00 1.003160
4784.00 0.999374
4785.00 1.000006
4786.00 1.002651
4787.00 1.002282
4788.00 0.998182
4789.00 0.991954
4790.00 0.986480
4791.00 0.984907
4792.00 0.986861
4793.00 0.990857
4794.00 0.996955
4795.00 1.002503
4796.00 1.002640
4797.00 0.996534
4798.00 0.986233
4799.00 0.972277
4800.00 0.957678
4801.00 0.951610
4802.00 0.959350
4803.00 0.972031
4804.00 0.976344
4805.00 0.970844
4806.00 0.965997
4807.00 0.969504
4808.00 0.977712
4809.00 0.983443
4810.00 0.983450
4811.00 0.977772
4812.00 0.969356
4813.00 0.964291
4814.00 0.966056
4815.00 0.970823
4816.00 0.973279
4817.00 0.973406
4818.00 0.974423
4819.00 0.977451
4820.00 0.979985
4821.00 0.977998
4822.00 0.967358
4823.00 0.946743
4824.00 0.923356
4825.00 0.911107
4826.00 0.915355
4827.00 0.926062
4828.00 0.930938
4829.00 0.927143
4830.00 0.919907
4831.00 0.914366
4832.00 0.910326
4833.00 0.906138
4834.00 0.901797
4835.00 0.896117
4836.00 0.887632
4837.00 0.879332
4838.00 0.875096
4839.00 0.872793
4840.00 0.868691
4841.00 0.863390
4842.00 0.858251
4843.00 0.851873
4844.00 0.842785
4845.00 0.830864
4846.00 0.814929
4847.00 0.793764
4848.00 0.770059
4849.00 0.750260
4850.00 0.737549
4851.00 0.727323
4852.00 0.713010
4853.00 0.692048
4854.00 0.664368
4855.00 0.630621
4856.00 0.593186
4857.00 0.555036
4858.00 0.515865
4859.00 0.471453
4860.00 0.420050
4861.00 0.371580
4862.00 0.347194
4863.00 0.360523
4864.00 0.402668
4865.00 0.454526
4866.00 0.504701
4867.00 0.549838
4868.00 0.588744
4869.00 0.620635
4870.00 0.645141
4871.00 0.663632
4872.00 0.681007
4873.00 0.701901
4874.00 0.723943
4875.00 0.739812
4876.00 0.746854
4877.00 0.752398
4878.00 0.766285
4879.00 0.789612
4880.00 0.814765
4881.00 0.833936
4882.00 0.844321
4883.00 0.846520
4884.00 0.841753
4885.00 0.833405
4886.00 0.827739
4887.00 0.829809
4888.00 0.839572
4889.00 0.852115
4890.00 0.861468
4891.00 0.866500
4892.00 0.873182
4893.00 0.886836
4894.00 0.904329
4895.00 0.918891
4896.00 0.927483
4897.00 0.931293
4898.00 0.932760
4899.00 0.933131
4900.00 0.932368
4901.00 0.930474
4902.00 0.928118
4903.00 0.927323
4904.00 0.931400
4905.00 0.941188
4906.00 0.952192
4907.00 0.958350
4908.00 0.956943
4909.00 0.948794
4910.00 0.936892
4911.00 0.926913
4912.00 0.925446
4913.00 0.934629
4914.00 0.950961
4915.00 0.967665
4916.00 0.977228
4917.00 0.975036
4918.00 0.961906
4919.00 0.943125
4920.00 0.925791
4921.00 0.916169
4922.00 0.914451
4923.00 0.914601
4924.00 0.915317
4925.00 0.924450
4926.00 0.944627
4927.00 0.965656
4928.00 0.978070
4929.00 0.982617
4930.00 0.983031
4931.00 0.981089
4932.00 0.977484
4933.00 0.972204
4934.00 0.967329
4935.00 0.966816
4936.00 0.969152
4937.00 0.967851
4938.00 0.961223
4939.00 0.955084
4940.00 0.956315
4941.00 0.965654
4942.00 0.977476
4943.00 0.986799
4944.00 0.992587
4945.00 0.994892
4946.00 0.993910
4947.00 0.990998
4948.00 0.987430
4949.00 0.984149
4950.00 0.982344
4951.00 0.981581
4952.00 0.979287
4953.00 0.974828
4954.00 0.971538
4955.00 0.971577
4956.00 0.970988
4957.00 0.965004
4958.00 0.959884
4959.00 0.967998
4960.00 0.987783
4961.00 1.004934
4962.00 1.011391
4963.00 1.010718
4964.00 1.008308
4965.00 1.004789
4966.00 0.999436
4967.00 0.993929
4968.00 0.990526
4969.00 0.989535
4970.00 0.989871
4971.00 0.991005
4972.00 0.993810
4973.00 0.999287
4974.00 1.006739
4975.00 1.013348
4976.00 1.015734
4977.00 1.013194
4978.00 1.009031
4979.00 1.007348
4980.00 1.007199
4981.00 1.001636
4982.00 0.985981
4983.00 0.966224
4984.00 0.954653
4985.00 0.957892
4986.00 0.973515
4987.00 0.994441
4988.00 1.011958
4989.00 1.019240
4990.00 1.016092
4991.00 1.008766
4992.00 1.004674
4993.00 1.005981
4994.00 1.010084
4995.00 1.015302
4996.00 1.021051
4997.00 1.025822
4998.00 1.027533
4999.00 1.023098
5000.00 1.009411
5001.00 0.987793
5002.00 0.967581
5003.00 0.959410
5004.00 0.961284
5005.00 0.961227
5006.00 0.955072
5007.00 0.951599
5008.00 0.960065
5009.00 0.978334
5010.00 0.995449
5011.00 1.002746
5012.00 0.999215
5013.00 0.989839
5014.00 0.981943
5015.00 0.979685
5016.00 0.979554
5017.00 0.972116
5018.00 0.952134
5019.00 0.929085
5020.00 0.919259
5021.00 0.926769
5022.00 0.942873
5023.00 0.960122
5024.00 0.976480
5025.00 0.989111
5026.00 0.992708
5027.00 0.985652
5028.00 0.975941
5029.00 0.974909
5030.00 0.983393
5031.00 0.993382
5032.00 1.000808
5033.00 1.006860
5034.00 1.010625
5035.00 1.008926
5036.00 1.002834
5037.00 0.998035
5038.00 0.996625
5039.00 0.992740
5040.00 0.979918
5041.00 0.961586
5042.00 0.952059
5043.00 0.961241
5044.00 0.981325
5045.00 0.997754
5046.00 1.004953
5047.00 1.004713
5048.00 1.000082
5049.00 0.995150
5050.00 0.993274
5051.00 0.993996
5052.00 0.995366
5053.00 0.996902
5054.00 0.997008
5055.00 0.992192
5056.00 0.983894
5057.00 0.981633
5058.00 0.991480
5059.00 1.006918
5060.00 1.017936
5061.00 1.021997
5062.00 1.022371
5063.00 1.020555
5064.00 1.014136
5065.00 1.002594
5066.00 0.991554
5067.00 0.986170
5068.00 0.985567
5069.00 0.987625
5070.00 0.990920
5071.00 0.991811
5072.00 0.987657
5073.00 0.980646
5074.00 0.974056
5075.00 0.969425
5076.00 0.969431
5077.00 0.975601
5078.00 0.982664
5079.00 0.984685
5080.00 0.985107
5081.00 0.990360
5082.00 0.998462
5083.00 1.003406
5084.00 1.004078
5085.00 1.002936
5086.00 1.001118
5087.00 0.999055
5088.00 0.998120
5089.00 0.998180
5090.00 0.997125
5091.00 0.995159
5092.00 0.995281
5093.00 0.998023
5094.00 1.001263
5095.00 1.002339
5096.00 0.997034
5097.00 0.983448
5098.00 0.968535
5099.00 0.961514
5100.00 0.963493
5101.00 0.971043
5102.00 0.983011
5103.00 0.997697
5104.00 1.010463
5105.00 1.017703
5106.00 1.018812
5107.00 1.014818
5108.00 1.007990
5109.00 1.000917
5110.00 0.995569
5111.00 0.994811
5112.00 0.999992
5113.00 1.007575
5114.00 1.013051
5115.00 1.015066
5116.00 1.014941
5117.00 1.015316
5118.00 1.017494
5119.00 1.019190
5120.00 1.017404
5121.00 1.012227
5122.00 1.006159
5123.00 1.000990
5124.00 0.996816
5125.00 0.993305
5126.00 0.991214
5127.00 0.991885
5128.00 0.995604
5129.00 1.001463
5130.00 1.008302
5131.00 1.013731
5132.00 1.013816
5133.00 1.007421
5134.00 1.000235
5135.00 0.998680
5136.00 1.000277
5137.00 0.997284
5138.00 0.988556
5139.00 0.979961
5140.00 0.977638
5141.00 0.982431
5142.00 0.987979
5143.00 0.989187
5144.00 0.988385
5145.00 0.988813
5146.00 0.990023
5147.00 0.990147
5148.00 0.988671
5149.00 0.987703
5150.00 0.989888
5151.00 0.994051
5152.00 0.995293
5153.00 0.990510
5154.00 0.983761
5155.00 0.983486
5156.00 0.991301
5157.00 1.000432
5158.00 1.005954
5159.00 1.007649
5160.00 1.005084
5161.00 0.997539
5162.00 0.988197
5163.00 0.983349
5164.00 0.983992
5165.00 0.980877
5166.00 0.964403
5167.00 0.936939
5168.00 0.912516
5169.00 0.905022
5170.00 0.916457
5171.00 0.934530
5172.00 0.945561
5173.00 0.951934
5174.00 0.966052
5175.00 0.987539
5176.00 1.003431
5177.00 1.007629
5178.00 1.006111
5179.00 1.005436
5180.00 1.005359
5181.00 1.002235
5182.00 0.992404
5183.00 0.974422
5184.00 0.955325
5185.00 0.948642
5186.00 0.957772
5187.00 0.971313
5188.00 0.978322
5189.00 0.978697
5190.00 0.977193
5191.00 0.973265
5192.00 0.966191
5193.00 0.962455
5194.00 0.965288
5195.00 0.967611
5196.00 0.964742
5197.00 0.962086
5198.00 0.965653
5199.00 0.974501
5200.00 0.983441
5201.00 0.988626
5202.00 0.988961
5203.00 0.984801
5204.00 0.976630
5205.00 0.966021
5206.00 0.957324
5207.00 0.954888
5208.00 0.958347
5209.00 0.965842
5210.00 0.977057
5211.00 0.988688
5212.00 0.995813
5213.00 0.995801
5214.00 0.986530
5215.00 0.970099
5216.00 0.956538
5217.00 0.956197
5218.00 0.969842
5219.00 0.989433
5220.00 1.004820
5221.00 1.009571
5222.00 1.004018
5223.00 0.992043
5224.00 0.974924
5225.00 0.951459
5226.00 0.924609
5227.00 0.905005
5228.00 0.905589
5229.00 0.928369
5230.00 0.959225
5231.00 0.980586
5232.00 0.984768
5233.00 0.976999
5234.00 0.969253
5235.00 0.967756
5236.00 0.968811
5237.00 0.967564
5238.00 0.966545
5239.00 0.971861
5240.00 0.982529
5241.00 0.990828
5242.00 0.991448
5243.00 0.986625
5244.00 0.984201
5245.00 0.988483
5246.00 0.993605
5247.00 0.992166
5248.00 0.985943
5249.00 0.981220
5250.00 0.980963
5251.00 0.985629
5252.00 0.994018
5253.00 1.000759
5254.00 1.000103
5255.00 0.993466
5256.00 0.988764
5257.00 0.991036
5258.00 0.998027
5259.00 1.003319
5260.00 1.000238
5261.00 0.986328
5262.00 0.964593
5263.00 0.939250
5264.00 0.913804
5265.00 0.894763
5266.00 0.891131
5267.00 0.905512
5268.00 0.927977
5269.00 0.943234
5270.00 0.946512
5271.00 0.946755
5272.00 0.950355
5273.00 0.950821
5274.00 0.938209
5275.00 0.914125
5276.00 0.897691
5277.00 0.908169
5278.00 0.937505
5279.00 0.959688
5280.00 0.965145
5281.00 0.966068
5282.00 0.972197
5283.00 0.978742
5284.00 0.979928
5285.00 0.980645
5286.00 0.988373
5287.00 1.001534
5288.00 1.013030
5289.00 1.019929
5290.00 1.023426
5291.00 1.023750
5292.00 1.020668
5293.00 1.016331
5294.00 1.013297
5295.00 1.009240
5296.00 0.995473
5297.00 0.966550
5298.00 0.934294
5299.00 0.922303
5300.00 0.938806
5301.00 0.966612
5302.00 0.985689
5303.00 0.992050
5304.00 0.991646
5305.00 0.988046
5306.00 0.981374
5307.00 0.974613
5308.00 0.973166
5309.00 0.978718
5310.00 0.987469
5311.00 0.994120
5312.00 0.995326
5313.00 0.990142
5314.00 0.981104
5315.00 0.971667
5316.00 0.961740
5317.00 0.953661
5318.00 0.955361
5319.00 0.969502
5320.00 0.988530
5321.00 1.002978
5322.00 1.008436
5323.00 1.005263
5324.00 0.996318
5325.00 0.987245
5326.00 0.981494
5327.00 0.972911
5328.00 0.953638
5329.00 0.932907
5330.00 0.931820
5331.00 0.954992
5332.00 0.984035
5333.00 1.000410
5334.00 1.001258
5335.00 0.993865
5336.00 0.984541
5337.00 0.973078
5338.00 0.956328
5339.00 0.937337
5340.00 0.928048
5341.00 0.938915
5342.00 0.965553
5343.00 0.991433
5344.00 1.002575
5345.00 0.995880
5346.00 0.978992
5347.00 0.965758
5348.00 0.964859
5349.00 0.973514
5350.00 0.986104
5351.00 0.999689
5352.00 1.010663
5353.00 1.015798
5354.00 1.016708
5355.00 1.018303
5356.00 1.023111
5357.00 1.029174
5358.00 1.033009
5359.00 1.033273
5360.00 1.030725
5361.00 1.025169
5362.00 1.015821
5363.00 1.004534
5364.00 0.995589
5365.00 0.991130
5366.00 0.989375
5367.00 0.986614
5368.00 0.979513
5369.00 0.967671
5370.00 0.956094
5371.00 0.954444
5372.00 0.968000
5373.00 0.990428
5374.00 1.010247
5375.00 1.021485
5376.00 1.025172
5377.00 1.024045
5378.00 1.019449
5379.00 1.012234
5380.00 1.004989
5381.00 1.000394
5382.00 0.997863
5383.00 0.995693
5384.00 0.996222
5385.00 1.001450
5386.00 1.006359
5387.00 1.005482
5388.00 1.000967
5389.00 0.996513
5390.00 0.991613
5391.00 0.986851
5392.00 0.986362
5393.00 0.991329
5394.00 0.997304
5395.00 0.998156
5396.00 0.991189
5397.00 0.981038
5398.00 0.976162
5399.00 0.978753
5400.00 0.982457
5401.00 0.982490
5402.00 0.980614
5403.00 0.977564
5404.00 0.971255
5405.00 0.964547
5406.00 0.964044
5407.00 0.969794
5408.00 0.974114
5409.00 0.971076
5410.00 0.963510
5411.00 0.961107
5412.00 0.969523
5413.00 0.981572
5414.00 0.985804
5415.00 0.982305
5416.00 0.982218
5417.00 0.990859
5418.00 1.000766
5419.00 1.003335
5420.00 0.998604
5421.00 0.992245
5422.00 0.988449
5423.00 0.985976
5424.00 0.982175
5425.00 0.980706
5426.00 0.987016
5427.00 0.997428
5428.00 1.002185
5429.00 0.997736
5430.00 0.990733
5431.00 0.989704
5432.00 0.994410
5433.00 0.998131
5434.00 0.998864
5435.00 1.000451
5436.00 1.005339
5437.00 1.012161
5438.00 1.018629
5439.00 1.023038
5440.00 1.024517
5441.00 1.023298
5442.00 1.019872
5443.00 1.014171
5444.00 1.005619
5445.00 0.994505
5446.00 0.984715
5447.00 0.982746
5448.00 0.991438
5449.00 1.005802
5450.00 1.017676
5451.00 1.023503
5452.00 1.024724
5453.00 1.022269
5454.00 1.013813
5455.00 0.998724
5456.00 0.985022
5457.00 0.984205
5458.00 0.996730
5459.00 1.011782
5460.00 1.020632
5461.00 1.021243
5462.00 1.014051
5463.00 1.001778
5464.00 0.991465
5465.00 0.988310
5466.00 0.989979
5467.00 0.993400
5468.00 0.999951
5469.00 1.009151
5470.00 1.016260
5471.00 1.017656
5472.00 1.013079
5473.00 1.005194
5474.00 0.998332
5475.00 0.993236
5476.00 0.985337
5477.00 0.973541
5478.00 0.964903
5479.00 0.965706
5480.00 0.973104
5481.00 0.980352
5482.00 0.986551
5483.00 0.995031
5484.00 1.005497
5485.00 1.013268
5486.00 1.013639
5487.00 1.006230
5488.00 0.997075
5489.00 0.994140
5490.00 0.998529
5491.00 1.003955
5492.00 1.005010
5493.00 1.002472
5494.00 1.001139
5495.00 1.003792
5496.00 1.007517
5497.00 1.007648
5498.00 1.005233
5499.00 1.005381
5500.00 1.007285
5501.00 1.003041
5502.00 0.989232
5503.00 0.974282
5504.00 0.969751
5505.00 0.976401
5506.00 0.984601
5507.00 0.987537
5508.00 0.986416
5509.00 0.983986
5510.00 0.981191
5511.00 0.979472
5512.00 0.981479
5513.00 0.988400
5514.00 0.998991
5515.00 1.010718
5516.00 1.020495
5517.00 1.026477
5518.00 1.028934
5519.00 1.029101
5520.00 1.028006
5521.00 1.026678
5522.00 1.026241
5523.00 1.026973
5524.00 1.027196
5525.00 1.024687
5526.00 1.019489
5527.00 1.012717
5528.00 1.004472
5529.00 0.997565
5530.00 0.997887
5531.00 1.006114
5532.00 1.015743
5533.00 1.020341
5534.00 1.018094
5535.00 1.012429
5536.00 1.010423
5537.00 1.015856
5538.00 1.024641
5539.00 1.030862
5540.00 1.032768
5541.00 1.030987
5542.00 1.025277
5543.00 1.015695
5544.00 1.005724
5545.00 1.001002
5546.00 1.003598
5547.00 1.010030
5548.00 1.015730
5549.00 1.019314
5550.00 1.022136
5551.00 1.025209
5552.00 1.027458
5553.00 1.027141
5554.00 1.024461
5555.00 1.022273
5556.00 1.023369
5557.00 1.026969
5558.00 1.029639
5559.00 1.029463
5560.00 1.027077
5561.00 1.023753
5562.00 1.020032
5563.00 1.015979
5564.00 1.012333
5565.00 1.010292
5566.00 1.010256
5567.00 1.011339
5568.00 1.011577
5569.00 1.009889
5570.00 1.008420
5571.00 1.009430
5572.00 1.010790
5573.00 1.009892
5574.00 1.009079
5575.00 1.011014
5576.00 1.013976
5577.00 1.016034
5578.00 1.017865
5579.00 1.020133
5580.00 1.021664
5581.00 1.020329
5582.00 1.016172
5583.00 1.012829
5584.00 1.012746
5585.00 1.012291
5586.00 1.005356
5587.00 0.992071
5588.00 0.980334
5589.00 0.977391
5590.00 0.983666
5591.00 0.994613
5592.00 1.004317
5593.00 1.008146
5594.00 1.005756
5595.00 1.002619
5596.00 1.003955
5597.00 1.006893
5598.00 1.005145
5599.00 0.999804
